#
# A fatal error has been detected by the Java Runtime Environment:
#
#  Internal Error (jvmciRuntime.cpp:1609), pid=32, tid=46
#  fatal error: Fatal exception in JVMCI: Error calling jdk.vm.ci.services.Services.serializeSavedProperties
#
# JRE version: OpenJDK Runtime Environment GraalVM CE 22.3.0 (17.0.5+8) (build 17.0.5+8-jvmci-22.3-b08)
# Java VM: OpenJDK 64-Bit Server VM GraalVM CE 22.3.0 (17.0.5+8-jvmci-22.3-b08, mixed mode, sharing, tiered, jvmci, jvmci compiler, compressed oops, compressed class ptrs, parallel gc, linux-amd64)
# Problematic frame:
# V  [libjvm.so+0x972714]  JVMCIRuntime::fatal_exception(JVMCIEnv*, char const*)+0x74
#
# Core dump will be written. Default location: Core dumps may be processed with "/usr/share/apport/apport -p%p -s%s -c%c -d%d -P%P -u%u -g%g -- %E" (or dumping to /home/runner/Automaton-Implementation/core.32)
#
# If you would like to submit a bug report, please visit:
#   https://github.com/oracle/graal/issues
#

---------------  S U M M A R Y ------------

Command Line: -XX:ThreadPriorityPolicy=1 -XX:+UnlockExperimentalVMOptions -XX:+EnableJVMCIProduct -XX:JVMCIThreadsPerNativeLibraryRuntime=1 -XX:-UnlockExperimentalVMOptions -Declipse.application=org.eclipse.jdt.ls.core.id1 -Dosgi.bundles.defaultStartLevel=4 -Declipse.product=org.eclipse.jdt.ls.core.product -Dlog.level=ALL -Xverify:none -XX:+UseParallelGC -XX:GCTimeRatio=4 -XX:AdaptiveSizePolicyWeight=90 -Dsun.zip.disableMemoryMapping=true -Xmx512m -Xms100m /nix/store/m6gcpi1ii6rghy04cjwjddcavv7i90df-jdt-language-server-1.9.0/share/java/plugins/org.eclipse.equinox.launcher_1.6.400.v20210924-0641.jar --add-modules=ALL-SYSTEM --add-opens java.base/java.util=ALL-UNNAMED --add-opens java.base/java.lang=ALL-UNNAMED -configuration /home/runner/.cache/jdt-language-server/config -data /home/runner/.cache/jdt-language-server/data/home/runner/Automaton-Implementation

Host: AMD EPYC 7B12, 8 cores, 1G, Ubuntu 20.04.2 LTS
Time: Sat Jul  1 01:44:26 2023 UTC elapsed time: 1617.068147 seconds (0d 0h 26m 57s)

---------------  T H R E A D  ---------------

Current thread (0x00007fac780b21e0):  JavaThread "JVMCI-native CompilerThread0" daemon [_thread_in_vm, id=46, stack(0x00007fac5d918000,0x00007fac5db18000)]


Current CompileTask:
JVMCI-native:1617068 12328  s    4       java.lang.StringBuffer::append (13 bytes)

Stack: [0x00007fac5d918000,0x00007fac5db18000],  sp=0x00007fac5db16380,  free space=2040k
Native frames: (J=compiled Java code, j=interpreted, Vv=VM code, C=native code)
V  [libjvm.so+0x972714]  JVMCIRuntime::fatal_exception(JVMCIEnv*, char const*)+0x74
V  [libjvm.so+0x93e2fe]  JVMCIEnv::copy_saved_properties()+0x14e
V  [libjvm.so+0x9732a9]  JVMCIRuntime::initialize(JVMCIEnv*)+0xb19
V  [libjvm.so+0x9738a2]  JVMCIRuntime::get_HotSpotJVMCIRuntime(JVMCIEnv*)+0x12
V  [libjvm.so+0x9749f2]  JVMCIRuntime::compile_method(JVMCIEnv*, JVMCICompiler*, methodHandle const&, int)+0xd2
V  [libjvm.so+0x5b0d20]  CompileBroker::invoke_compiler_on_method(CompileTask*)+0x1470
V  [libjvm.so+0x5b12e8]  CompileBroker::compiler_thread_loop()+0x528
V  [libjvm.so+0xd82460]  JavaThread::thread_main_inner()+0xd0
V  [libjvm.so+0xd85a40]  Thread::call_run()+0xc0
V  [libjvm.so+0xbdb1e1]  thread_native_entry(Thread*)+0xe1

Register to memory mapping:

RAX=0x00007fac7d574000 points into unknown readable memory: 0x0000000000000058 | 58 00 00 00 00 00 00 00
RBX=0x00007fac7e66f398: <offset 0x0000000000ef5398> in /nix/store/gpxl5qgg8kicmcvivwmybwjlpf7wh20l-graalvm17-ce-22.3.0/lib/server/libjvm.so at 0x00007fac7d77a000
RCX=0x00007fac7e6271e8: <offset 0x0000000000ead1e8> in /nix/store/gpxl5qgg8kicmcvivwmybwjlpf7wh20l-graalvm17-ce-22.3.0/lib/server/libjvm.so at 0x00007fac7d77a000
RDX=0x0000000000000649 is an unknown value
RSP=0x00007fac5db16380 is pointing into the stack for thread: 0x00007fac780b21e0
RBP=0x00007fac5db163a0 is pointing into the stack for thread: 0x00007fac780b21e0
RSI=0x00007fac7e66fc48: <offset 0x0000000000ef5c48> in /nix/store/gpxl5qgg8kicmcvivwmybwjlpf7wh20l-graalvm17-ce-22.3.0/lib/server/libjvm.so at 0x00007fac7d77a000
RDI=0x00000000e0000000 is an oop: java.lang.String 
{0x00000000e0000000} - klass: 'java/lang/String'
 - string: "(&(osgi.wiring.package=ch.qos.logback.core.rolling.helper)(&(version>=1.2.3)(!(version>=1.3.0))))"
R8 =0x00007fac7e66f398: <offset 0x0000000000ef5398> in /nix/store/gpxl5qgg8kicmcvivwmybwjlpf7wh20l-graalvm17-ce-22.3.0/lib/server/libjvm.so at 0x00007fac7d77a000
R9 =0x00007fac5db16330 is pointing into the stack for thread: 0x00007fac780b21e0
R10=0x00007fac5db17948 is pointing into the stack for thread: 0x00007fac780b21e0
R11=0x0000000000000293 is an unknown value
R12=0x0 is NULL
R13=0x00007fac780b21e0 is a thread
R14=0x00007fac78000b80 points into unknown readable memory: 0x00007fac7e8a0a38 | 38 0a 8a 7e ac 7f 00 00
R15=0x00007fac7e9aee40: <offset 0x0000000001234e40> in /nix/store/gpxl5qgg8kicmcvivwmybwjlpf7wh20l-graalvm17-ce-22.3.0/lib/server/libjvm.so at 0x00007fac7d77a000


Registers:
RAX=0x00007fac7d574000, RBX=0x00007fac7e66f398, RCX=0x00007fac7e6271e8, RDX=0x0000000000000649
RSP=0x00007fac5db16380, RBP=0x00007fac5db163a0, RSI=0x00007fac7e66fc48, RDI=0x00000000e0000000
R8 =0x00007fac7e66f398, R9 =0x00007fac5db16330, R10=0x00007fac5db17948, R11=0x0000000000000293
R12=0x0000000000000000, R13=0x00007fac780b21e0, R14=0x00007fac78000b80, R15=0x00007fac7e9aee40
RIP=0x00007fac7e0ec714, EFLAGS=0x0000000000010206, CSGSFS=0x002b000000000033, ERR=0x0000000000000006
  TRAPNO=0x000000000000000e

Top of Stack: (sp=0x00007fac5db16380)
0x00007fac5db16380:   00007fac5db16940 00007fac780b21e0
0x00007fac5db16390:   00007fac7c0058c8 0000000800c417a0
0x00007fac5db163a0:   00007fac5db16500 00007fac7e0b82fe
0x00007fac5db163b0:   00007fac5db163e0 00007fac5db16440 

Instructions: (pc=0x00007fac7e0ec714)
0x00007fac7e0ec614:   30 e8 f6 cf e8 ff 4c 89 e7 e8 2e 48 d1 ff 84 db
0x00007fac7e0ec624:   75 2a 4d 85 ed 74 04 4d 8b 6d 00 48 83 c4 08 44
0x00007fac7e0ec634:   89 f9 4c 89 f2 4c 89 ee 5b 4c 89 e7 41 5c 41 5d
0x00007fac7e0ec644:   41 5e 41 5f 5d e9 e2 47 d1 ff 66 90 48 83 c4 08
0x00007fac7e0ec654:   5b 41 5c 41 5d 41 5e 41 5f 5d c3 90 31 d2 be 08
0x00007fac7e0ec664:   00 00 00 4c 89 ff e8 b1 78 a3 ff 49 89 c5 e9 37
0x00007fac7e0ec674:   ff ff ff 66 0f 1f 84 00 00 00 00 00 48 8b 7a 08
0x00007fac7e0ec684:   e9 6d ff ff ff 0f 1f 80 00 00 00 00 e8 5b 48 0a
0x00007fac7e0ec694:   00 84 c0 75 89 e9 6a ff ff ff 66 90 55 48 89 e5
0x00007fac7e0ec6a4:   41 56 41 55 41 54 49 89 fc 53 48 89 f3 66 48 8d
0x00007fac7e0ec6b4:   3d 27 5e 85 00 66 66 48 e8 df 43 8d ff 4c 8b 28
0x00007fac7e0ec6c4:   8b 05 be 72 8a 00 85 c0 75 14 ba 01 00 00 00 48
0x00007fac7e0ec6d4:   8d 0d ae 72 8a 00 f0 0f b1 11 85 c0 74 4e be c8
0x00007fac7e0ec6e4:   00 00 00 4c 89 ef e8 01 0b 41 00 48 8d 05 12 ac
0x00007fac7e0ec6f4:   85 00 49 89 d8 48 8d 0d e8 aa 53 00 ba 49 06 00
0x00007fac7e0ec704:   00 48 8d 35 3c 35 58 00 bf 00 00 00 e0 48 8b 00
0x00007fac7e0ec714:   c6 00 58 31 c0 e8 e2 91 c6 ff 5b 41 5c 41 5d 41
0x00007fac7e0ec724:   5e 5d e9 55 34 26 00 0f 1f 44 00 00 48 8d 05 81
0x00007fac7e0ec734:   a3 8b 00 48 89 df 4c 8b 30 e8 9e 43 8d ff 48 89
0x00007fac7e0ec744:   de 48 89 c2 49 8b 06 4c 89 f7 ff 50 08 4c 89 f7
0x00007fac7e0ec754:   e8 a7 5c 27 00 4d 85 e4 74 12 be 01 00 00 00 4c
0x00007fac7e0ec764:   89 e7 e8 35 43 fc ff eb 82 0f 1f 00 be 01 00 00
0x00007fac7e0ec774:   00 4c 89 ef e8 d3 fd ff ff e9 6d ff ff ff 66 66
0x00007fac7e0ec784:   2e 0f 1f 84 00 00 00 00 00 0f 1f 00 55 48 89 e5
0x00007fac7e0ec794:   41 57 41 56 41 55 41 54 53 48 81 ec 08 02 00 00
0x00007fac7e0ec7a4:   64 48 8b 04 25 28 00 00 00 48 89 45 c8 8b 07 83
0x00007fac7e0ec7b4:   f8 02 0f 84 11 04 00 00 4c 8b 6f 18 49 89 ff 49
0x00007fac7e0ec7c4:   89 f4 4d 85 ed 74 14 4c 89 ef e8 5d 57 22 00 41
0x00007fac7e0ec7d4:   8b 07 83 f8 02 0f 84 19 04 00 00 48 8d 1d 9a 06
0x00007fac7e0ec7e4:   8a 00 4c 8d 35 0b 3c 58 00 eb 38 90 48 85 d2 7f
0x00007fac7e0ec7f4:   0d 48 8d 05 b4 c0 85 00 48 83 38 00 7e 0e 41 8b
0x00007fac7e0ec804:   77 2c 4c 89 f7 31 c0 e8 a0 b2 f7 ff 49 8b 7f 18 


Stack slot to memory mapping:
stack at sp + 0 slots: 0x00007fac5db16940 is pointing into the stack for thread: 0x00007fac780b21e0
stack at sp + 1 slots: 0x00007fac780b21e0 is a thread
stack at sp + 2 slots: 0x00007fac7c0058c8 points into unknown readable memory: 0x6573001880c9ffff | ff ff c9 80 18 00 73 65
stack at sp + 3 slots: 0x0000000800c417a0 is a pointer to class: 
jdk.vm.ci.services.Services {0x0000000800c417a0}
 - instance size:     2
 - klass size:        65
 - access:            public final synchronized 
 - state:             fully_initialized
 - name:              'jdk/vm/ci/services/Services'
 - super:             'java/lang/Object'
 - sub:               
 - arrays:            NULL
 - methods:           Array<T>(0x00007fac5e440cb0)
 - method ordering:   Array<T>(0x0000000800928960)
 - default_methods:   Array<T>(0x0000000000000000)
 - local interfaces:  Array<T>(0x00000008005ce810)
 - trans. interfaces: Array<T>(0x00000008005ce810)
 - constants:         constant pool [427] {0x00007fac5e43fd90} for 'jdk/vm/ci/services/Services' cache=0x00007fac5e441f80
 - class loader data:  loader data: 0x00007fac780283f0 of 'bootstrap'
 - source file:       'Services.java'
 - class annotations:       Array<T>(0x0000000000000000)
 - class type annotations:  Array<T>(0x0000000000000000)
 - field annotations:       Array<T>(0x0000000000000000)
 - field type annotations:  Array<T>(0x0000000000000000)
 - inner classes:     Array<T>(0x00007fac5e441f50)
 - nest members:     Array<T>(0x00007fac5e441f70)
 - permitted subclasses:     Array<T>(0x00000008005ce7a0)
 - java mirror:       a 'java/lang/Class'{0x00000000e0141318} = 'jdk/vm/ci/services/Services'
 - vtable length      5  (start addr: 0x0000000800c41970)
 - itable length      2 (start addr: 0x0000000800c41998)
 - ---- static fields (3 words):
 - public static final 'IS_BUILDING_NATIVE_IMAGE' 'Z' @128 
 - public static final 'IS_IN_NATIVE_IMAGE' 'Z' @129 
 - private static volatile 'savedProperties' 'Ljava/util/Map;' @112 
 - static final 'JVMCI_ENABLED' 'Z' @130 
 - private static final 'servicesCache' 'Ljava/util/Map;' @116 
 - private static final 'MAX_UNICODE_IN_UTF8_LENGTH' 'I' @120 
 - private static final 'MAX_UTF8_PROPERTY_STRING_LENGTH' 'I' @124 
 - ---- non-static fields (0 words):
 - non-static oop maps: 
stack at sp + 4 slots: 0x00007fac5db16500 is pointing into the stack for thread: 0x00007fac780b21e0
stack at sp + 5 slots: 0x00007fac7e0b82fe: <offset 0x000000000093e2fe> in /nix/store/gpxl5qgg8kicmcvivwmybwjlpf7wh20l-graalvm17-ce-22.3.0/lib/server/libjvm.so at 0x00007fac7d77a000
stack at sp + 6 slots: 0x00007fac5db163e0 is pointing into the stack for thread: 0x00007fac780b21e0
stack at sp + 7 slots: 0x00007fac5db16440 is pointing into the stack for thread: 0x00007fac780b21e0


---------------  P R O C E S S  ---------------

Threads class SMR info:
_java_thread_list=0x00007fabc0000b70, length=26, elements={
0x00007fac78026690, 0x00007fac780a64d0, 0x00007fac780a7910, 0x00007fac780ae050,
0x00007fac780af400, 0x00007fac780b07f0, 0x00007fac780b21e0, 0x00007fac780b36f0,
0x00007fac780b4b40, 0x00007fac780d7570, 0x00007fac7811f9d0, 0x00007fac7832b750,
0x00007fac7835efa0, 0x00007fac78360e00, 0x00007fac783b56c0, 0x00007fac0c017030,
0x00007fac0c303580, 0x00007fac0c365ad0, 0x00007fac000010d0, 0x00007fac0c4e2350,
0x00007fac0c650b30, 0x00007fac78386ba0, 0x00007fac784b4560, 0x00007fabec001130,
0x00007fabdc000ff0, 0x00007fabdc44ba00
}

Java Threads: ( => current thread )
  0x00007fac78026690 JavaThread "main" [_thread_blocked, id=38, stack(0x00007fac7d595000,0x00007fac7d695000)]
  0x00007fac780a64d0 JavaThread "Reference Handler" daemon [_thread_blocked, id=41, stack(0x00007fac5e1fe000,0x00007fac5e2fe000)]
  0x00007fac780a7910 JavaThread "Finalizer" daemon [_thread_blocked, id=42, stack(0x00007fac5e0fe000,0x00007fac5e1fe000)]
  0x00007fac780ae050 JavaThread "Signal Dispatcher" daemon [_thread_blocked, id=43, stack(0x00007fac5dd18000,0x00007fac5de18000)]
  0x00007fac780af400 JavaThread "Service Thread" daemon [_thread_blocked, id=44, stack(0x00007fac5dc18000,0x00007fac5dd18000)]
  0x00007fac780b07f0 JavaThread "Monitor Deflation Thread" daemon [_thread_blocked, id=45, stack(0x00007fac5db18000,0x00007fac5dc18000)]
=>0x00007fac780b21e0 JavaThread "JVMCI-native CompilerThread0" daemon [_thread_in_vm, id=46, stack(0x00007fac5d918000,0x00007fac5db18000)]
  0x00007fac780b36f0 JavaThread "C1 CompilerThread0" daemon [_thread_blocked, id=48, stack(0x00007fac5d718000,0x00007fac5d918000)]
  0x00007fac780b4b40 JavaThread "Sweeper thread" daemon [_thread_blocked, id=49, stack(0x00007fac5d618000,0x00007fac5d718000)]
  0x00007fac780d7570 JavaThread "Common-Cleaner" daemon [_thread_blocked, id=50, stack(0x00007fac5d518000,0x00007fac5d618000)]
  0x00007fac7811f9d0 JavaThread "Notification Thread" daemon [_thread_blocked, id=51, stack(0x00007fac5d418000,0x00007fac5d518000)]
  0x00007fac7832b750 JavaThread "Active Thread: Equinox Container: 77c5b545-ef9f-4cd3-8d90-d46f30294475" [_thread_blocked, id=56, stack(0x00007fac5c000000,0x00007fac5c100000)]
  0x00007fac7835efa0 JavaThread "Framework Event Dispatcher: Equinox Container: 77c5b545-ef9f-4cd3-8d90-d46f30294475" daemon [_thread_blocked, id=66, stack(0x00007fac25b00000,0x00007fac25c00000)]
  0x00007fac78360e00 JavaThread "Start Level: Equinox Container: 77c5b545-ef9f-4cd3-8d90-d46f30294475" daemon [_thread_blocked, id=67, stack(0x00007fac25900000,0x00007fac25a00000)]
  0x00007fac783b56c0 JavaThread "Refresh Thread: Equinox Container: 77c5b545-ef9f-4cd3-8d90-d46f30294475" daemon [_thread_blocked, id=76, stack(0x00007fac25700000,0x00007fac25800000)]
  0x00007fac0c017030 JavaThread "SCR Component Actor" daemon [_thread_blocked, id=77, stack(0x00007fac25500000,0x00007fac25600000)]
  0x00007fac0c303580 JavaThread "Worker-JM" [_thread_blocked, id=87, stack(0x00007fac25100000,0x00007fac25200000)]
  0x00007fac0c365ad0 JavaThread "Worker-0: Publish Diagnostics" [_thread_blocked, id=88, stack(0x00007fac24f00000,0x00007fac25000000)]
  0x00007fac000010d0 JavaThread "Worker-1: Java indexing... " [_thread_blocked, id=89, stack(0x00007fac24d00000,0x00007fac24e00000)]
  0x00007fac0c4e2350 JavaThread "Java indexing" daemon [_thread_blocked, id=94, stack(0x00007fac24b00000,0x00007fac24c00000)]
  0x00007fac0c650b30 JavaThread "Bundle File Closer" daemon [_thread_blocked, id=100, stack(0x00007fac24700000,0x00007fac24800000)]
  0x00007fac78386ba0 JavaThread "pool-3-thread-1" [_thread_blocked, id=101, stack(0x00007fac24500000,0x00007fac24600000)]
  0x00007fac784b4560 JavaThread "pool-2-thread-1" [_thread_blocked, id=102, stack(0x00007fac24300000,0x00007fac24400000)]
  0x00007fabec001130 JavaThread "Worker-3" [_thread_blocked, id=106, stack(0x00007fac24100000,0x00007fac24200000)]
  0x00007fabdc000ff0 JavaThread "Worker-4: Compacting resource model" [_thread_blocked, id=108, stack(0x00007fac23f00000,0x00007fac24000000)]
  0x00007fabdc44ba00 JavaThread "Okio Watchdog" daemon [_thread_blocked, id=168, stack(0x00007fac23600000,0x00007fac23700000)]

Other Threads:
  0x00007fac780a1c10 VMThread "VM Thread" [stack: 0x00007fac5e300000,0x00007fac5e400000] [id=40] _threads_hazard_ptr=0x00007fabc0000b70
  0x00007fac78121370 WatcherThread [stack: 0x00007fac5d318000,0x00007fac5d418000] [id=52]
  0x00007fac7803df30 GCTaskThread "GC Thread#0" [stack: 0x00007fac7d158000,0x00007fac7d258000] [id=39]

Threads with active compile tasks:
JVMCI-native CompilerThread0  1617137 12328  s    4       java.lang.StringBuffer::append (13 bytes)

VM state: synchronizing (normal execution)

VM Mutex/Monitor currently owned by a thread:  ([mutex/lock_event])
[0x00007fac78023840] Threads_lock - owner thread: 0x00007fac780a1c10
[0x00007fac78023ff0] Heap_lock - owner thread: 0x00007fac0c365ad0

OutOfMemory and StackOverflow Exception counts:
OutOfMemoryError java_heap_errors=4
LinkageErrors=71

Heap address: 0x00000000e0000000, size: 512 MB, Compressed Oops mode: 32-bit

CDS archive(s) mapped at: [0x0000000800000000-0x0000000800bc8000-0x0000000800bc8000), size 12353536, SharedBaseAddress: 0x0000000800000000, ArchiveRelocationMode: 0.
Compressed class space mapped at: 0x0000000800c00000-0x0000000840c00000, reserved size: 1073741824
Narrow klass base: 0x0000000800000000, Narrow klass shift: 0, Narrow klass range: 0x100000000

GC Precious Log:
 CPUs: 8 total, 1 available
 Memory: 1024M
 Large Page Support: Disabled
 NUMA Support: Disabled
 Compressed Oops: Enabled (32-bit)
 Alignments: Space 512K, Generation 512K, Heap 2M
 Heap Min Capacity: 100M
 Heap Initial Capacity: 100M
 Heap Max Capacity: 512M
 Pre-touch: Disabled
 Parallel Workers: 1

Heap:
 PSYoungGen      total 64512K, used 49664K [0x00000000f5580000, 0x00000000fa500000, 0x0000000100000000)
  eden space 49664K, 100% used [0x00000000f5580000,0x00000000f8600000,0x00000000f8600000)
  from space 14848K, 0% used [0x00000000f9680000,0x00000000f9680000,0x00000000fa500000)
  to   space 13824K, 0% used [0x00000000f8600000,0x00000000f8600000,0x00000000f9380000)
 ParOldGen       total 349696K, used 349694K [0x00000000e0000000, 0x00000000f5580000, 0x00000000f5580000)
  object space 349696K, 99% used [0x00000000e0000000,0x00000000f557f9c8,0x00000000f5580000)
 Metaspace       used 66039K, committed 67200K, reserved 1114112K
  class space    used 6204K, committed 6656K, reserved 1048576K

Card table byte_map: [0x00007fac7d258000,0x00007fac7d359000] _byte_map_base: 0x00007fac7cb58000

Marking Bits: (ParMarkBitMap*) 0x00007fac7e9a84c0
 Begin Bits: [0x00007fac7c0ab000, 0x00007fac7c8ab000)
 End Bits:   [0x00007fac7c8ab000, 0x00007fac7d0ab000)

Polling page: 0x00007fac7d572000

Metaspace:

Usage:
  Non-class:     58.43 MB used.
      Class:      6.06 MB used.
       Both:     64.49 MB used.

Virtual space:
  Non-class space:       64.00 MB reserved,      59.12 MB ( 92%) committed,  8 nodes.
      Class space:        1.00 GB reserved,       6.50 MB ( <1%) committed,  1 nodes.
             Both:        1.06 GB reserved,      65.62 MB (  6%) committed. 

Chunk freelists:
   Non-Class:  496.00 KB
       Class:  1.59 MB
        Both:  2.07 MB

MaxMetaspaceSize: unlimited
CompressedClassSpaceSize: 1.00 GB
Initial GC threshold: 21.00 MB
Current GC threshold: 109.31 MB
CDS: on
MetaspaceReclaimPolicy: balanced
 - commit_granule_bytes: 65536.
 - commit_granule_words: 8192.
 - virtual_space_node_default_size: 1048576.
 - enlarge_chunks_in_place: 1.
 - new_chunks_are_fully_committed: 0.
 - uncommit_free_chunks: 1.
 - use_allocation_guard: 0.
 - handle_deallocations: 1.


Internal statistics:

num_allocs_failed_limit: 6.
num_arena_births: 532.
num_arena_deaths: 152.
num_vsnodes_births: 9.
num_vsnodes_deaths: 0.
num_space_committed: 1046.
num_space_uncommitted: 0.
num_chunks_returned_to_freelist: 222.
num_chunks_taken_from_freelist: 3154.
num_chunk_merges: 88.
num_chunk_splits: 2035.
num_chunks_enlarged: 1257.
num_purges: 2.
num_inconsistent_stats: 0.

CodeHeap 'non-profiled nmethods': size=120036Kb used=2838Kb max_used=2838Kb free=117197Kb
 bounds [0x00007fac66f7a000, 0x00007fac6724a000, 0x00007fac6e4b3000]
CodeHeap 'profiled nmethods': size=120032Kb used=20861Kb max_used=22423Kb free=99171Kb
 bounds [0x00007fac5fa42000, 0x00007fac61032000, 0x00007fac66f7a000]
CodeHeap 'non-nmethods': size=5692Kb used=1415Kb max_used=1419Kb free=4276Kb
 bounds [0x00007fac5f4b3000, 0x00007fac5f723000, 0x00007fac5fa42000]
 total_blobs=9743 nmethods=8991 adapters=636
 compilation: enabled
              stopped_count=0, restarted_count=0
 full_count=0

JVMCI Events (20 events):
Event: 1379.827 Thread 0x00007fac780b21e0 compacted oop handles in JVMCI runtime 0 from 68 to 68
Event: 1379.827 Thread 0x00007fac780b21e0 releasing handles for JVMCI runtime 0: oop handles=68, metadata handles={total=96, live=88, blocks=42}
Event: 1379.827 Thread 0x00007fac780b21e0 detached from JVMCI runtime 0
Event: 1467.474 Thread 0x00007fac780b21e0 attached to JVMCI runtime 0
Event: 1467.475 Thread 0x00007fac780b21e0 created JavaVM[10]@0x00007fac2309e340 for JVMCI runtime 0
Event: 1468.932 Thread 0x00007fac780b21e0 initializing JVMCI runtime 0
Event: 1468.932 Thread 0x00007fac780b21e0 done waiting for JavaVM references initialization in JVMCI runtime 0
Event: 1489.073 Thread 0x00007fac780b21e0 initialized JVMCI runtime 0
Event: 1510.876 Thread 0x00007fac780b21e0 compacted oop handles in JVMCI runtime 0 from 52 to 46
Event: 1512.242 Thread 0x00007fac780b21e0 detaching from JVMCI runtime 0: releasing idle compiler thread (0 other threads still attached)
Event: 1512.242 Thread 0x00007fac780b21e0 shutting down HotSpotJVMCIRuntime for JVMCI runtime 0
Event: 1512.242 Thread 0x00007fac780b21e0 shut down JVMCI runtime 0
Event: 1512.243 Thread 0x00007fac780b21e0 destroyed JavaVM[10]@0x00007fac2309e340 for JVMCI runtime 0
Event: 1512.243 Thread 0x00007fac780b21e0 compacted oop handles in JVMCI runtime 0 from 46 to 46
Event: 1512.243 Thread 0x00007fac780b21e0 releasing handles for JVMCI runtime 0: oop handles=46, metadata handles={total=89, live=78, blocks=42}
Event: 1512.243 Thread 0x00007fac780b21e0 detached from JVMCI runtime 0
Event: 1604.478 Thread 0x00007fac780b21e0 attached to JVMCI runtime 0
Event: 1604.480 Thread 0x00007fac780b21e0 created JavaVM[11]@0x00007fac2309e340 for JVMCI runtime 0
Event: 1605.839 Thread 0x00007fac780b21e0 initializing JVMCI runtime 0
Event: 1605.839 Thread 0x00007fac780b21e0 done waiting for JavaVM references initialization in JVMCI runtime 0

Compilation events (20 events):
Event: 1337.238 Thread 0x00007fac780b36f0 12316       3       org.eclipse.jdt.internal.corext.dom.GenericVisitor::endVisit (6 bytes)
Event: 1337.238 Thread 0x00007fac780b36f0 nmethod 12316 0x00007fac60675590 code [0x00007fac60675740, 0x00007fac60675a70]
Event: 1338.558 Thread 0x00007fac780b36f0 12318       3       org.eclipse.core.runtime.jobs.Job::setName (6 bytes)
Event: 1338.558 Thread 0x00007fac780b36f0 nmethod 12318 0x00007fac6097b910 code [0x00007fac6097bac0, 0x00007fac6097bce0]
Event: 1338.558 Thread 0x00007fac780b36f0 12319       3       org.eclipse.core.internal.jobs.InternalJob::setName (10 bytes)
Event: 1338.559 Thread 0x00007fac780b36f0 nmethod 12319 0x00007fac609c7290 code [0x00007fac609c7440, 0x00007fac609c7600]
Event: 1346.879 Thread 0x00007fac780b36f0 12322       3       java.util.concurrent.locks.AbstractQueuedSynchronizer$Node::<init> (5 bytes)
Event: 1346.879 Thread 0x00007fac780b36f0 nmethod 12322 0x00007fac60a1f610 code [0x00007fac60a1f7c0, 0x00007fac60a1f910]
Event: 1369.237 Thread 0x00007fac780b21e0 nmethod 12315 0x00007fac6723cc10 code [0x00007fac6723ce40, 0x00007fac6723d540]
Event: 1369.237 Thread 0x00007fac780b21e0 12320       4       java.util.Properties::getProperty (50 bytes)
Event: 1377.251 Thread 0x00007fac780b21e0 nmethod 12320 0x00007fac6723da10 code [0x00007fac6723dba0, 0x00007fac6723dc90]
Event: 1434.248 Thread 0x00007fac780b36f0 12323       3       java.util.concurrent.locks.AbstractQueuedSynchronizer$Node::clearStatus (12 bytes)
Event: 1435.636 Thread 0x00007fac780b36f0 nmethod 12323 0x00007fac60bd2f10 code [0x00007fac60bd30c0, 0x00007fac60bd3220]
Event: 1467.474 Thread 0x00007fac780b21e0 12325 %     4       org.eclipse.jdt.internal.compiler.parser.Scanner::checkTaskTag @ 70 (937 bytes)
Event: 1489.072 Thread 0x00007fac780b36f0 12326       3       java.util.concurrent.ScheduledThreadPoolExecutor$ScheduledFutureTask::getDelay (16 bytes)
Event: 1489.072 Thread 0x00007fac780b36f0 nmethod 12326 0x00007fac60e95010 code [0x00007fac60e951c0, 0x00007fac60e95340]
Event: 1510.876 Thread 0x00007fac780b21e0 nmethod 12325% 0x00007fac6723de10 code [0x00007fac6723dfc0, 0x00007fac6723eea0]
Event: 1568.142 Thread 0x00007fac780b36f0 12327       1       org.eclipse.osgi.internal.location.BasicLocation::isReadOnly (5 bytes)
Event: 1568.142 Thread 0x00007fac780b36f0 nmethod 12327 0x00007fac6723f690 code [0x00007fac6723f820, 0x00007fac6723f8f0]
Event: 1604.478 Thread 0x00007fac780b21e0 12328  s    4       java.lang.StringBuffer::append (13 bytes)

GC Heap History (20 events):
Event: 1603.136 GC heap before
{Heap before GC invocations=1157 (full 1035):
 PSYoungGen      total 64512K, used 49664K [0x00000000f5580000, 0x00000000fa500000, 0x0000000100000000)
  eden space 49664K, 100% used [0x00000000f5580000,0x00000000f8600000,0x00000000f8600000)
  from space 14848K, 0% used [0x00000000f9680000,0x00000000f9680000,0x00000000fa500000)
  to   space 13824K, 0% used [0x00000000f8600000,0x00000000f8600000,0x00000000f9380000)
 ParOldGen       total 349696K, used 349694K [0x00000000e0000000, 0x00000000f5580000, 0x00000000f5580000)
  object space 349696K, 99% used [0x00000000e0000000,0x00000000f557fbd0,0x00000000f5580000)
 Metaspace       used 66039K, committed 67200K, reserved 1114112K
  class space    used 6204K, committed 6656K, reserved 1048576K
}
Event: 1604.478 GC heap after
{Heap after GC invocations=1157 (full 1035):
 PSYoungGen      total 63488K, used 49664K [0x00000000f5580000, 0x00000000fa500000, 0x0000000100000000)
  eden space 49664K, 100% used [0x00000000f5580000,0x00000000f8600000,0x00000000f8600000)
  from space 13824K, 0% used [0x00000000f8600000,0x00000000f8600000,0x00000000f9380000)
  to   space 14848K, 0% used [0x00000000f9680000,0x00000000f9680000,0x00000000fa500000)
 ParOldGen       total 349696K, used 349694K [0x00000000e0000000, 0x00000000f5580000, 0x00000000f5580000)
  object space 349696K, 99% used [0x00000000e0000000,0x00000000f557fbd0,0x00000000f5580000)
 Metaspace       used 66039K, committed 67200K, reserved 1114112K
  class space    used 6204K, committed 6656K, reserved 1048576K
}
Event: 1604.481 GC heap before
{Heap before GC invocations=1158 (full 1036):
 PSYoungGen      total 63488K, used 49664K [0x00000000f5580000, 0x00000000fa500000, 0x0000000100000000)
  eden space 49664K, 100% used [0x00000000f5580000,0x00000000f8600000,0x00000000f8600000)
  from space 13824K, 0% used [0x00000000f8600000,0x00000000f8600000,0x00000000f9380000)
  to   space 14848K, 0% used [0x00000000f9680000,0x00000000f9680000,0x00000000fa500000)
 ParOldGen       total 349696K, used 349695K [0x00000000e0000000, 0x00000000f5580000, 0x00000000f5580000)
  object space 349696K, 99% used [0x00000000e0000000,0x00000000f557fff8,0x00000000f5580000)
 Metaspace       used 66039K, committed 67200K, reserved 1114112K
  class space    used 6204K, committed 6656K, reserved 1048576K
}
Event: 1605.839 GC heap after
{Heap after GC invocations=1158 (full 1036):
 PSYoungGen      total 64512K, used 49664K [0x00000000f5580000, 0x00000000fa500000, 0x0000000100000000)
  eden space 49664K, 100% used [0x00000000f5580000,0x00000000f8600000,0x00000000f8600000)
  from space 14848K, 0% used [0x00000000f9680000,0x00000000f9680000,0x00000000fa500000)
  to   space 13824K, 0% used [0x00000000f8600000,0x00000000f8600000,0x00000000f9380000)
 ParOldGen       total 349696K, used 349695K [0x00000000e0000000, 0x00000000f5580000, 0x00000000f5580000)
  object space 349696K, 99% used [0x00000000e0000000,0x00000000f557fea0,0x00000000f5580000)
 Metaspace       used 66039K, committed 67200K, reserved 1114112K
  class space    used 6204K, committed 6656K, reserved 1048576K
}
Event: 1605.839 GC heap before
{Heap before GC invocations=1159 (full 1037):
 PSYoungGen      total 64512K, used 49664K [0x00000000f5580000, 0x00000000fa500000, 0x0000000100000000)
  eden space 49664K, 100% used [0x00000000f5580000,0x00000000f8600000,0x00000000f8600000)
  from space 14848K, 0% used [0x00000000f9680000,0x00000000f9680000,0x00000000fa500000)
  to   space 13824K, 0% used [0x00000000f8600000,0x00000000f8600000,0x00000000f9380000)
 ParOldGen       total 349696K, used 349695K [0x00000000e0000000, 0x00000000f5580000, 0x00000000f5580000)
  object space 349696K, 99% used [0x00000000e0000000,0x00000000f557ffe0,0x00000000f5580000)
 Metaspace       used 66039K, committed 67200K, reserved 1114112K
  class space    used 6204K, committed 6656K, reserved 1048576K
}
Event: 1607.134 GC heap after
{Heap after GC invocations=1159 (full 1037):
 PSYoungGen      total 63488K, used 49664K [0x00000000f5580000, 0x00000000fa500000, 0x0000000100000000)
  eden space 49664K, 100% used [0x00000000f5580000,0x00000000f8600000,0x00000000f8600000)
  from space 13824K, 0% used [0x00000000f8600000,0x00000000f8600000,0x00000000f9380000)
  to   space 14848K, 0% used [0x00000000f9680000,0x00000000f9680000,0x00000000fa500000)
 ParOldGen       total 349696K, used 349695K [0x00000000e0000000, 0x00000000f5580000, 0x00000000f5580000)
  object space 349696K, 99% used [0x00000000e0000000,0x00000000f557fe88,0x00000000f5580000)
 Metaspace       used 66039K, committed 67200K, reserved 1114112K
  class space    used 6204K, committed 6656K, reserved 1048576K
}
Event: 1607.134 GC heap before
{Heap before GC invocations=1160 (full 1038):
 PSYoungGen      total 63488K, used 49664K [0x00000000f5580000, 0x00000000fa500000, 0x0000000100000000)
  eden space 49664K, 100% used [0x00000000f5580000,0x00000000f8600000,0x00000000f8600000)
  from space 13824K, 0% used [0x00000000f8600000,0x00000000f8600000,0x00000000f9380000)
  to   space 14848K, 0% used [0x00000000f9680000,0x00000000f9680000,0x00000000fa500000)
 ParOldGen       total 349696K, used 349695K [0x00000000e0000000, 0x00000000f5580000, 0x00000000f5580000)
  object space 349696K, 99% used [0x00000000e0000000,0x00000000f557ffe0,0x00000000f5580000)
 Metaspace       used 66039K, committed 67200K, reserved 1114112K
  class space    used 6204K, committed 6656K, reserved 1048576K
}
Event: 1608.443 GC heap after
{Heap after GC invocations=1160 (full 1038):
 PSYoungGen      total 64512K, used 49664K [0x00000000f5580000, 0x00000000fa500000, 0x0000000100000000)
  eden space 49664K, 100% used [0x00000000f5580000,0x00000000f8600000,0x00000000f8600000)
  from space 14848K, 0% used [0x00000000f9680000,0x00000000f9680000,0x00000000fa500000)
  to   space 13824K, 0% used [0x00000000f8600000,0x00000000f8600000,0x00000000f9380000)
 ParOldGen       total 349696K, used 349695K [0x00000000e0000000, 0x00000000f5580000, 0x00000000f5580000)
  object space 349696K, 99% used [0x00000000e0000000,0x00000000f557fef0,0x00000000f5580000)
 Metaspace       used 66039K, committed 67200K, reserved 1114112K
  class space    used 6204K, committed 6656K, reserved 1048576K
}
Event: 1608.444 GC heap before
{Heap before GC invocations=1161 (full 1039):
 PSYoungGen      total 64512K, used 49664K [0x00000000f5580000, 0x00000000fa500000, 0x0000000100000000)
  eden space 49664K, 100% used [0x00000000f5580000,0x00000000f8600000,0x00000000f8600000)
  from space 14848K, 0% used [0x00000000f9680000,0x00000000f9680000,0x00000000fa500000)
  to   space 13824K, 0% used [0x00000000f8600000,0x00000000f8600000,0x00000000f9380000)
 ParOldGen       total 349696K, used 349695K [0x00000000e0000000, 0x00000000f5580000, 0x00000000f5580000)
  object space 349696K, 99% used [0x00000000e0000000,0x00000000f557ffe0,0x00000000f5580000)
 Metaspace       used 66039K, committed 67200K, reserved 1114112K
  class space    used 6204K, committed 6656K, reserved 1048576K
}
Event: 1609.780 GC heap after
{Heap after GC invocations=1161 (full 1039):
 PSYoungGen      total 63488K, used 49664K [0x00000000f5580000, 0x00000000fa500000, 0x0000000100000000)
  eden space 49664K, 100% used [0x00000000f5580000,0x00000000f8600000,0x00000000f8600000)
  from space 13824K, 0% used [0x00000000f8600000,0x00000000f8600000,0x00000000f9380000)
  to   space 14848K, 0% used [0x00000000f9680000,0x00000000f9680000,0x00000000fa500000)
 ParOldGen       total 349696K, used 349695K [0x00000000e0000000, 0x00000000f5580000, 0x00000000f5580000)
  object space 349696K, 99% used [0x00000000e0000000,0x00000000f557ffe0,0x00000000f5580000)
 Metaspace       used 66039K, committed 67200K, reserved 1114112K
  class space    used 6204K, committed 6656K, reserved 1048576K
}
Event: 1609.780 GC heap before
{Heap before GC invocations=1162 (full 1040):
 PSYoungGen      total 63488K, used 49664K [0x00000000f5580000, 0x00000000fa500000, 0x0000000100000000)
  eden space 49664K, 100% used [0x00000000f5580000,0x00000000f8600000,0x00000000f8600000)
  from space 13824K, 0% used [0x00000000f8600000,0x00000000f8600000,0x00000000f9380000)
  to   space 14848K, 0% used [0x00000000f9680000,0x00000000f9680000,0x00000000fa500000)
 ParOldGen       total 349696K, used 349695K [0x00000000e0000000, 0x00000000f5580000, 0x00000000f5580000)
  object space 349696K, 99% used [0x00000000e0000000,0x00000000f557ffe0,0x00000000f5580000)
 Metaspace       used 66039K, committed 67200K, reserved 1114112K
  class space    used 6204K, committed 6656K, reserved 1048576K
}
Event: 1611.052 GC heap after
{Heap after GC invocations=1162 (full 1040):
 PSYoungGen      total 64512K, used 49664K [0x00000000f5580000, 0x00000000fa500000, 0x0000000100000000)
  eden space 49664K, 100% used [0x00000000f5580000,0x00000000f8600000,0x00000000f8600000)
  from space 14848K, 0% used [0x00000000f9680000,0x00000000f9680000,0x00000000fa500000)
  to   space 13824K, 0% used [0x00000000f8600000,0x00000000f8600000,0x00000000f9380000)
 ParOldGen       total 349696K, used 349695K [0x00000000e0000000, 0x00000000f5580000, 0x00000000f5580000)
  object space 349696K, 99% used [0x00000000e0000000,0x00000000f557ffe0,0x00000000f5580000)
 Metaspace       used 66039K, committed 67200K, reserved 1114112K
  class space    used 6204K, committed 6656K, reserved 1048576K
}
Event: 1611.052 GC heap before
{Heap before GC invocations=1163 (full 1041):
 PSYoungGen      total 64512K, used 49664K [0x00000000f5580000, 0x00000000fa500000, 0x0000000100000000)
  eden space 49664K, 100% used [0x00000000f5580000,0x00000000f8600000,0x00000000f8600000)
  from space 14848K, 0% used [0x00000000f9680000,0x00000000f9680000,0x00000000fa500000)
  to   space 13824K, 0% used [0x00000000f8600000,0x00000000f8600000,0x00000000f9380000)
 ParOldGen       total 349696K, used 349695K [0x00000000e0000000, 0x00000000f5580000, 0x00000000f5580000)
  object space 349696K, 99% used [0x00000000e0000000,0x00000000f557fff8,0x00000000f5580000)
 Metaspace       used 66039K, committed 67200K, reserved 1114112K
  class space    used 6204K, committed 6656K, reserved 1048576K
}
Event: 1612.868 GC heap after
{Heap after GC invocations=1163 (full 1041):
 PSYoungGen      total 63488K, used 49663K [0x00000000f5580000, 0x00000000fa500000, 0x0000000100000000)
  eden space 49664K, 99% used [0x00000000f5580000,0x00000000f85fffd0,0x00000000f8600000)
  from space 13824K, 0% used [0x00000000f8600000,0x00000000f8600000,0x00000000f9380000)
  to   space 14848K, 0% used [0x00000000f9680000,0x00000000f9680000,0x00000000fa500000)
 ParOldGen       total 349696K, used 349693K [0x00000000e0000000, 0x00000000f5580000, 0x00000000f5580000)
  object space 349696K, 99% used [0x00000000e0000000,0x00000000f557f6e0,0x00000000f5580000)
 Metaspace       used 66039K, committed 67200K, reserved 1114112K
  class space    used 6204K, committed 6656K, reserved 1048576K
}
Event: 1612.875 GC heap before
{Heap before GC invocations=1164 (full 1042):
 PSYoungGen      total 63488K, used 49663K [0x00000000f5580000, 0x00000000fa500000, 0x0000000100000000)
  eden space 49664K, 99% used [0x00000000f5580000,0x00000000f85ffff0,0x00000000f8600000)
  from space 13824K, 0% used [0x00000000f8600000,0x00000000f8600000,0x00000000f9380000)
  to   space 14848K, 0% used [0x00000000f9680000,0x00000000f9680000,0x00000000fa500000)
 ParOldGen       total 349696K, used 349693K [0x00000000e0000000, 0x00000000f5580000, 0x00000000f5580000)
  object space 349696K, 99% used [0x00000000e0000000,0x00000000f557f6e0,0x00000000f5580000)
 Metaspace       used 66039K, committed 67200K, reserved 1114112K
  class space    used 6204K, committed 6656K, reserved 1048576K
}
Event: 1614.265 GC heap after
{Heap after GC invocations=1164 (full 1042):
 PSYoungGen      total 64512K, used 49663K [0x00000000f5580000, 0x00000000fa500000, 0x0000000100000000)
  eden space 49664K, 99% used [0x00000000f5580000,0x00000000f85ffff0,0x00000000f8600000)
  from space 14848K, 0% used [0x00000000f9680000,0x00000000f9680000,0x00000000fa500000)
  to   space 13824K, 0% used [0x00000000f8600000,0x00000000f8600000,0x00000000f9380000)
 ParOldGen       total 349696K, used 349693K [0x00000000e0000000, 0x00000000f5580000, 0x00000000f5580000)
  object space 349696K, 99% used [0x00000000e0000000,0x00000000f557f6e0,0x00000000f5580000)
 Metaspace       used 66039K, committed 67200K, reserved 1114112K
  class space    used 6204K, committed 6656K, reserved 1048576K
}
Event: 1614.266 GC heap before
{Heap before GC invocations=1165 (full 1043):
 PSYoungGen      total 64512K, used 49664K [0x00000000f5580000, 0x00000000fa500000, 0x0000000100000000)
  eden space 49664K, 100% used [0x00000000f5580000,0x00000000f8600000,0x00000000f8600000)
  from space 14848K, 0% used [0x00000000f9680000,0x00000000f9680000,0x00000000fa500000)
  to   space 13824K, 0% used [0x00000000f8600000,0x00000000f8600000,0x00000000f9380000)
 ParOldGen       total 349696K, used 349694K [0x00000000e0000000, 0x00000000f5580000, 0x00000000f5580000)
  object space 349696K, 99% used [0x00000000e0000000,0x00000000f557f998,0x00000000f5580000)
 Metaspace       used 66039K, committed 67200K, reserved 1114112K
  class space    used 6204K, committed 6656K, reserved 1048576K
}
Event: 1615.655 GC heap after
{Heap after GC invocations=1165 (full 1043):
 PSYoungGen      total 63488K, used 49663K [0x00000000f5580000, 0x00000000fa500000, 0x0000000100000000)
  eden space 49664K, 99% used [0x00000000f5580000,0x00000000f85fffd0,0x00000000f8600000)
  from space 13824K, 0% used [0x00000000f8600000,0x00000000f8600000,0x00000000f9380000)
  to   space 14848K, 0% used [0x00000000f9680000,0x00000000f9680000,0x00000000fa500000)
 ParOldGen       total 349696K, used 349693K [0x00000000e0000000, 0x00000000f5580000, 0x00000000f5580000)
  object space 349696K, 99% used [0x00000000e0000000,0x00000000f557f718,0x00000000f5580000)
 Metaspace       used 66039K, committed 67200K, reserved 1114112K
  class space    used 6204K, committed 6656K, reserved 1048576K
}
Event: 1615.655 GC heap before
{Heap before GC invocations=1166 (full 1044):
 PSYoungGen      total 63488K, used 49663K [0x00000000f5580000, 0x00000000fa500000, 0x0000000100000000)
  eden space 49664K, 99% used [0x00000000f5580000,0x00000000f85fffd0,0x00000000f8600000)
  from space 13824K, 0% used [0x00000000f8600000,0x00000000f8600000,0x00000000f9380000)
  to   space 14848K, 0% used [0x00000000f9680000,0x00000000f9680000,0x00000000fa500000)
 ParOldGen       total 349696K, used 349693K [0x00000000e0000000, 0x00000000f5580000, 0x00000000f5580000)
  object space 349696K, 99% used [0x00000000e0000000,0x00000000f557f718,0x00000000f5580000)
 Metaspace       used 66039K, committed 67200K, reserved 1114112K
  class space    used 6204K, committed 6656K, reserved 1048576K
}
Event: 1617.063 GC heap after
{Heap after GC invocations=1166 (full 1044):
 PSYoungGen      total 64512K, used 49663K [0x00000000f5580000, 0x00000000fa500000, 0x0000000100000000)
  eden space 49664K, 99% used [0x00000000f5580000,0x00000000f85fffd0,0x00000000f8600000)
  from space 14848K, 0% used [0x00000000f9680000,0x00000000f9680000,0x00000000fa500000)
  to   space 13824K, 0% used [0x00000000f8600000,0x00000000f8600000,0x00000000f9380000)
 ParOldGen       total 349696K, used 349693K [0x00000000e0000000, 0x00000000f5580000, 0x00000000f5580000)
  object space 349696K, 99% used [0x00000000e0000000,0x00000000f557f718,0x00000000f5580000)
 Metaspace       used 66039K, committed 67200K, reserved 1114112K
  class space    used 6204K, committed 6656K, reserved 1048576K
}

Dll operation events (9 events):
Event: 0.002 Loaded shared library /nix/store/gpxl5qgg8kicmcvivwmybwjlpf7wh20l-graalvm17-ce-22.3.0/lib/libjava.so
Event: 0.007 Loaded shared library /nix/store/gpxl5qgg8kicmcvivwmybwjlpf7wh20l-graalvm17-ce-22.3.0/lib/libjsvml.so
Event: 0.230 Loaded shared library /nix/store/gpxl5qgg8kicmcvivwmybwjlpf7wh20l-graalvm17-ce-22.3.0/lib/libnio.so
Event: 0.233 Loaded shared library /nix/store/gpxl5qgg8kicmcvivwmybwjlpf7wh20l-graalvm17-ce-22.3.0/lib/libzip.so
Event: 0.235 Loaded shared library /nix/store/gpxl5qgg8kicmcvivwmybwjlpf7wh20l-graalvm17-ce-22.3.0/lib/libjvmcicompiler.so
Event: 0.546 Loaded shared library /nix/store/gpxl5qgg8kicmcvivwmybwjlpf7wh20l-graalvm17-ce-22.3.0/lib/libjimage.so
Event: 0.949 Loaded shared library /nix/store/gpxl5qgg8kicmcvivwmybwjlpf7wh20l-graalvm17-ce-22.3.0/lib/libnet.so
Event: 4.156 Loaded shared library /home/runner/.cache/jdt-language-server/config/org.eclipse.equinox.launcher/org.eclipse.equinox.launcher.gtk.linux.x86_64_1.2.400.v20211117-0650/eclipse_11600.so
Event: 12.231 Loaded shared library /nix/store/gpxl5qgg8kicmcvivwmybwjlpf7wh20l-graalvm17-ce-22.3.0/lib/libextnet.so

Deoptimization events (20 events):
Event: 74.884 Thread 0x00007fac784b4560 Uncommon trap: trap_request=0xffffffed fr.pc=0x00007fac67224a2b relative=0x000000000000018b
Event: 74.884 Thread 0x00007fac784b4560 Uncommon trap: reason=null_assert_or_unreached0 action=reinterpret pc=0x00007fac67224a2b method=com.google.gson.stream.JsonReader.peek()Lcom/google/gson/stream/JsonToken; @ 14 jvmci
Event: 74.884 Thread 0x00007fac784b4560 DEOPT PACKING pc=0x00007fac67224a2b sp=0x00007fac243fdd20
Event: 74.884 Thread 0x00007fac784b4560 DEOPT UNPACKING pc=0x00007fac5f505325 sp=0x00007fac243fd1b8 mode 3
Event: 75.029 Thread 0x00007fabec001130 Uncommon trap: trap_request=0xffffffcd fr.pc=0x00007fac67220ed8 relative=0x00000000000008b8
Event: 75.029 Thread 0x00007fabec001130 Uncommon trap: reason=intrinsic_or_type_checked_inlining action=reinterpret pc=0x00007fac67220ed8 method=org.eclipse.jdt.internal.core.JavaModelManager.removeInfoAndChildren(Lorg/eclipse/jdt/internal/core/JavaElement;)Ljava/lang/Object; @ 8 jvmci
Event: 75.029 Thread 0x00007fabec001130 DEOPT PACKING pc=0x00007fac67220ed8 sp=0x00007fac241fe3c0
Event: 75.029 Thread 0x00007fabec001130 DEOPT UNPACKING pc=0x00007fac5f505325 sp=0x00007fac241fd860 mode 3
Event: 76.039 Thread 0x00007fabf4001010 DEOPT PACKING pc=0x00007fac603fde19 sp=0x00007fac249fdbf0
Event: 76.039 Thread 0x00007fabf4001010 DEOPT UNPACKING pc=0x00007fac5f505325 sp=0x00007fac249fd0d0 mode 0
Event: 128.039 Thread 0x00007fac0c365ad0 Uncommon trap: trap_request=0xffffffcd fr.pc=0x00007fac670fea9f relative=0x00000000000001ff
Event: 128.039 Thread 0x00007fac0c365ad0 Uncommon trap: reason=intrinsic_or_type_checked_inlining action=reinterpret pc=0x00007fac670fea9f method=org.eclipse.jdt.internal.core.SourceRefElement.equals(Ljava/lang/Object;)Z @ 0 jvmci
Event: 128.039 Thread 0x00007fac0c365ad0 DEOPT PACKING pc=0x00007fac670fea9f sp=0x00007fac24ffdfa0
Event: 128.039 Thread 0x00007fac0c365ad0 DEOPT UNPACKING pc=0x00007fac5f505325 sp=0x00007fac24ffd458 mode 3
Event: 943.648 Thread 0x00007fac780b21e0 DEOPT PACKING pc=0x00007fac60654258 sp=0x00007fac5db15ef0
Event: 943.648 Thread 0x00007fac780b21e0 DEOPT UNPACKING pc=0x00007fac5f505325 sp=0x00007fac5db15458 mode 0
Event: 1596.928 Thread 0x00007fac0c4e2350 Uncommon trap: trap_request=0xffffff8f fr.pc=0x00007fac6721f7ff relative=0x00000000000011bf
Event: 1596.928 Thread 0x00007fac0c4e2350 Uncommon trap: reason=constraint action=none pc=0x00007fac6721f7ff method=org.eclipse.jdt.internal.core.index.DiskIndex.copyQueryResults(Lorg/eclipse/jdt/internal/compiler/util/HashtableOfObject;I)V @ 123 jvmci
Event: 1596.928 Thread 0x00007fac0c4e2350 DEOPT PACKING pc=0x00007fac6721f7ff sp=0x00007fac24bfe530
Event: 1596.928 Thread 0x00007fac0c4e2350 DEOPT UNPACKING pc=0x00007fac5f505325 sp=0x00007fac24bfda28 mode 3

Classes unloaded (20 events):
Event: 94.229 Thread 0x00007fac780a1c10 Unloading class 0x0000000800ee8000 'jdk/internal/reflect/GeneratedConstructorAccessor8'
Event: 94.229 Thread 0x00007fac780a1c10 Unloading class 0x0000000800da1000 'java/lang/invoke/LambdaForm$MH+0x0000000800da1000'
Event: 94.229 Thread 0x00007fac780a1c10 Unloading class 0x0000000800da0c00 'java/lang/invoke/LambdaForm$MH+0x0000000800da0c00'
Event: 94.229 Thread 0x00007fac780a1c10 Unloading class 0x0000000800da0800 'java/lang/invoke/LambdaForm$MH+0x0000000800da0800'
Event: 94.229 Thread 0x00007fac780a1c10 Unloading class 0x0000000800da0400 'java/lang/invoke/LambdaForm$MH+0x0000000800da0400'
Event: 94.229 Thread 0x00007fac780a1c10 Unloading class 0x0000000800da0000 'jdk/internal/reflect/GeneratedConstructorAccessor3'
Event: 94.229 Thread 0x00007fac780a1c10 Unloading class 0x0000000800d02400 'java/lang/invoke/LambdaForm$MH+0x0000000800d02400'
Event: 94.229 Thread 0x00007fac780a1c10 Unloading class 0x0000000800d01c00 'java/lang/invoke/LambdaForm$MH+0x0000000800d01c00'
Event: 94.229 Thread 0x00007fac780a1c10 Unloading class 0x0000000800d01800 'java/lang/invoke/LambdaForm$MH+0x0000000800d01800'
Event: 94.229 Thread 0x00007fac780a1c10 Unloading class 0x0000000800d01400 'java/lang/invoke/LambdaForm$MH+0x0000000800d01400'
Event: 94.229 Thread 0x00007fac780a1c10 Unloading class 0x0000000800d00c00 'java/lang/invoke/LambdaForm$MH+0x0000000800d00c00'
Event: 94.229 Thread 0x00007fac780a1c10 Unloading class 0x0000000800d00800 'java/lang/invoke/LambdaForm$MH+0x0000000800d00800'
Event: 94.229 Thread 0x00007fac780a1c10 Unloading class 0x0000000800d00400 'java/lang/invoke/LambdaForm$MH+0x0000000800d00400'
Event: 94.229 Thread 0x00007fac780a1c10 Unloading class 0x0000000800cbe400 'java/lang/invoke/LambdaForm$MH+0x0000000800cbe400'
Event: 94.229 Thread 0x00007fac780a1c10 Unloading class 0x0000000800c1d000 'jdk/internal/reflect/GeneratedMethodAccessor5'
Event: 94.229 Thread 0x00007fac780a1c10 Unloading class 0x0000000800c1cc00 'jdk/internal/reflect/GeneratedMethodAccessor4'
Event: 94.229 Thread 0x00007fac780a1c10 Unloading class 0x0000000800c1c800 'jdk/internal/reflect/GeneratedMethodAccessor3'
Event: 94.229 Thread 0x00007fac780a1c10 Unloading class 0x0000000800c1c400 'jdk/internal/reflect/GeneratedMethodAccessor2'
Event: 94.229 Thread 0x00007fac780a1c10 Unloading class 0x0000000800c1c000 'jdk/internal/reflect/GeneratedMethodAccessor1'
Event: 94.229 Thread 0x00007fac780a1c10 Unloading class 0x0000000800c01c00 'java/lang/invoke/LambdaForm$DMH+0x0000000800c01c00'

Classes redefined (0 events):
No events

Internal exceptions (20 events):
Event: 52.858 Thread 0x00007fabe8123c10 Exception <a 'java/lang/NoSuchMethodError'{0x00000000f64fbc18}: 'java.lang.Object java.lang.invoke.DirectMethodHandle$Holder.invokeStatic(java.lang.Object, int, java.lang.Object, java.lang.Object, java.lang.Object, java.lang.Object)'> (0x00000000f64fbc18) 
thrown [src/hotspot/share/interpreter/linkResolver.cpp, line 758]
Event: 52.866 Thread 0x00007fabe8123c10 Exception <a 'java/lang/NoSuchMethodError'{0x00000000f650ba40}: 'java.lang.Object java.lang.invoke.DirectMethodHandle$Holder.newInvokeSpecial(java.lang.Object, int, java.lang.Object, java.lang.Object, java.lang.Object)'> (0x00000000f650ba40) 
thrown [src/hotspot/share/interpreter/linkResolver.cpp, line 758]
Event: 53.148 Thread 0x00007fabe81aa9e0 Exception <a 'java/lang/NoSuchMethodError'{0x00000000f5964b48}: 'java.lang.Object java.lang.invoke.DirectMethodHandle$Holder.newInvokeSpecial(java.lang.Object, java.lang.Object, int, java.lang.Object, java.lang.Object, java.lang.Object, java.lang.Object)'> (0x00000000f5964b48) 
thrown [src/hotspot/share/interpreter/linkResolver.cpp, line 758]
Event: 53.341 Thread 0x00007fabe81abaf0 Exception <a 'java/lang/NoSuchMethodError'{0x00000000f65dc770}: 'void java.lang.invoke.DirectMethodHandle$Holder.invokeSpecial(java.lang.Object, java.lang.Object, int)'> (0x00000000f65dc770) 
thrown [src/hotspot/share/interpreter/linkResolver.cpp, line 758]
Event: 54.256 Thread 0x00007fabe81acc10 Exception <a 'java/lang/NoSuchMethodError'{0x00000000f5d34278}: 'int java.lang.invoke.DirectMethodHandle$Holder.invokeSpecialIFC(java.lang.Object, java.lang.Object, java.lang.Object, java.lang.Object)'> (0x00000000f5d34278) 
thrown [src/hotspot/share/interpreter/linkResolver.cpp, line 758]
Event: 56.034 Thread 0x00007fabe81a8840 Exception <a 'java/lang/ArrayIndexOutOfBoundsException'{0x00000000f56c1ee0}> (0x00000000f56c1ee0) 
thrown [src/hotspot/share/runtime/sharedRuntime.cpp, line 628]
Event: 56.065 Thread 0x00007fabe81a8840 Exception <a 'java/lang/ArrayIndexOutOfBoundsException'{0x00000000f59ef590}> (0x00000000f59ef590) 
thrown [src/hotspot/share/runtime/sharedRuntime.cpp, line 628]
Event: 56.065 Thread 0x00007fabe81a8840 Exception <a 'java/lang/ArrayIndexOutOfBoundsException'{0x00000000f5a040a8}> (0x00000000f5a040a8) 
thrown [src/hotspot/share/runtime/sharedRuntime.cpp, line 628]
Event: 56.065 Thread 0x00007fabe81a8840 Exception <a 'java/lang/ArrayIndexOutOfBoundsException'{0x00000000f5a043c8}> (0x00000000f5a043c8) 
thrown [src/hotspot/share/runtime/sharedRuntime.cpp, line 628]
Event: 59.933 Thread 0x00007fabe81a8840 Exception <a 'java/lang/ArrayIndexOutOfBoundsException'{0x00000000f60d76d0}> (0x00000000f60d76d0) 
thrown [src/hotspot/share/runtime/sharedRuntime.cpp, line 628]
Event: 62.753 Thread 0x00007fabe81a8840 Exception <a 'java/lang/ArrayIndexOutOfBoundsException'{0x00000000f6eaa828}> (0x00000000f6eaa828) 
thrown [src/hotspot/share/runtime/sharedRuntime.cpp, line 628]
Event: 62.831 Thread 0x00007fabe81a8840 Exception <a 'java/lang/ArrayIndexOutOfBoundsException'{0x00000000f6ed0318}> (0x00000000f6ed0318) 
thrown [src/hotspot/share/runtime/sharedRuntime.cpp, line 628]
Event: 62.837 Thread 0x00007fabe81a8840 Exception <a 'java/lang/ArrayIndexOutOfBoundsException'{0x00000000f6ee36b0}> (0x00000000f6ee36b0) 
thrown [src/hotspot/share/runtime/sharedRuntime.cpp, line 628]
Event: 62.837 Thread 0x00007fabe81a8840 Exception <a 'java/lang/ArrayIndexOutOfBoundsException'{0x00000000f6ee39d0}> (0x00000000f6ee39d0) 
thrown [src/hotspot/share/runtime/sharedRuntime.cpp, line 628]
Event: 96.529 Thread 0x00007fabe81adca0 Exception <a 'java/lang/ArrayIndexOutOfBoundsException'{0x00000000f85af3f0}> (0x00000000f85af3f0) 
thrown [src/hotspot/share/runtime/sharedRuntime.cpp, line 628]
Event: 1583.468 Thread 0x00007fac0c365ad0 Exception <a 'java/lang/OutOfMemoryError'{0x00000000e0003bd8}> (0x00000000e0003bd8) 
thrown [src/hotspot/share/gc/shared/memAllocator.cpp, line 136]
Event: 1596.928 Thread 0x00007fac0c4e2350 Exception <a 'java/lang/OutOfMemoryError'{0x00000000e0004178}> (0x00000000e0004178) 
thrown [src/hotspot/share/gc/shared/memAllocator.cpp, line 138]
Event: 1596.928 Thread 0x00007fac0c4e2350 Implicit null exception at 0x00007fac6721f253 to 0x00007fac6721f7e4
Event: 1611.052 Thread 0x00007fac0c365ad0 Exception <a 'java/lang/OutOfMemoryError'{0x00000000e00041c8}> (0x00000000e00041c8) 
thrown [src/hotspot/share/gc/shared/memAllocator.cpp, line 136]
Event: 1617.063 Thread 0x00007fac780b21e0 Exception <a 'java/lang/OutOfMemoryError'{0x00000000e0003ef8}> (0x00000000e0003ef8) 
thrown [src/hotspot/share/gc/shared/memAllocator.cpp, line 136]

VM Operations (20 events):
Event: 1600.473 Executing VM operation: ParallelGCFailedAllocation
Event: 1601.729 Executing VM operation: ParallelGCFailedAllocation done
Event: 1601.730 Executing VM operation: ParallelGCFailedAllocation
Event: 1603.136 Executing VM operation: ParallelGCFailedAllocation done
Event: 1603.136 Executing VM operation: ParallelGCFailedAllocation
Event: 1604.478 Executing VM operation: ParallelGCFailedAllocation done
Event: 1604.479 Executing VM operation: ParallelGCFailedAllocation
Event: 1605.839 Executing VM operation: ParallelGCFailedAllocation done
Event: 1605.839 Executing VM operation: ParallelGCFailedAllocation
Event: 1607.134 Executing VM operation: ParallelGCFailedAllocation done
Event: 1607.134 Executing VM operation: ParallelGCFailedAllocation
Event: 1608.443 Executing VM operation: ParallelGCFailedAllocation done
Event: 1608.444 Executing VM operation: ParallelGCFailedAllocation
Event: 1611.052 Executing VM operation: ParallelGCFailedAllocation done
Event: 1611.052 Executing VM operation: ParallelGCFailedAllocation
Event: 1612.868 Executing VM operation: ParallelGCFailedAllocation done
Event: 1612.868 Executing VM operation: ParallelGCFailedAllocation
Event: 1614.265 Executing VM operation: ParallelGCFailedAllocation done
Event: 1614.266 Executing VM operation: ParallelGCFailedAllocation
Event: 1617.063 Executing VM operation: ParallelGCFailedAllocation done

Events (20 events):
Event: 82.356 Thread 0x00007fabe81acb80 Thread exited: 0x00007fabe81acb80
Event: 88.760 Thread 0x00007fabc8002fe0 Thread exited: 0x00007fabc8002fe0
Event: 94.974 Thread 0x00007fabe81c5e70 Thread added: 0x00007fabe81c5e70
Event: 94.974 Protecting memory [0x00007fac23700000,0x00007fac23704000] with protection modes 0
Event: 95.038 Thread 0x00007fabe81adca0 Thread added: 0x00007fabe81adca0
Event: 95.038 Protecting memory [0x00007fac24400000,0x00007fac24404000] with protection modes 0
Event: 99.180 Thread 0x00007fabe81adca0 Thread exited: 0x00007fabe81adca0
Event: 121.959 Thread 0x00007fabe81c5e70 Thread exited: 0x00007fabe81c5e70
Event: 157.440 Thread 0x00007fabe0001170 Thread exited: 0x00007fabe0001170
Event: 158.672 Thread 0x00007fabe0001ca0 Thread exited: 0x00007fabe0001ca0
Event: 163.427 Thread 0x00007fabf4001010 Thread exited: 0x00007fabf4001010
Event: 375.844 loading class java/io/InterruptedIOException
Event: 375.844 loading class java/io/InterruptedIOException done
Event: 377.127 loading class javax/net/ssl/SSLException
Event: 377.127 loading class javax/net/ssl/SSLException done
Event: 377.127 loading class java/lang/AssertionError
Event: 377.127 loading class java/lang/AssertionError done
Event: 383.364 Thread 0x00007fabdc439580 Thread exited: 0x00007fabdc439580
Event: 383.364 Thread 0x00007fabc8001d90 Thread exited: 0x00007fabc8001d90
Event: 439.149 Thread 0x00007fabdc43a0c0 Thread exited: 0x00007fabdc43a0c0


Dynamic libraries:
e0000000-f5580000 rw-p 00000000 00:00 0 
f5580000-fa500000 rw-p 00000000 00:00 0 
fa500000-100000000 ---p 00000000 00:00 0 
800000000-800449000 rw-p 00001000 00:1b4e 4611686019135357769            /nix/store/gpxl5qgg8kicmcvivwmybwjlpf7wh20l-graalvm17-ce-22.3.0/lib/server/classes.jsa
800449000-800bc8000 r--p 0044a000 00:1b4e 4611686019135357769            /nix/store/gpxl5qgg8kicmcvivwmybwjlpf7wh20l-graalvm17-ce-22.3.0/lib/server/classes.jsa
800bc8000-800c00000 ---p 00000000 00:00 0 
800c00000-800c20000 rw-p 00000000 00:00 0 
800c20000-800c40000 rw-p 00000000 00:00 0 
800c40000-800cc0000 rw-p 00000000 00:00 0 
800cc0000-800d00000 rw-p 00000000 00:00 0 
800d00000-800dc0000 rw-p 00000000 00:00 0 
800dc0000-800e00000 rw-p 00000000 00:00 0 
800e00000-800f40000 rw-p 00000000 00:00 0 
800f40000-800fc0000 rw-p 00000000 00:00 0 
800fc0000-801000000 rw-p 00000000 00:00 0 
801000000-801280000 rw-p 00000000 00:00 0 
801280000-840c00000 ---p 00000000 00:00 0 
55fb3dcdf000-55fb3dce0000 r-xp 00000000 00:1b4e 4611686019099417844      /nix/store/gpxl5qgg8kicmcvivwmybwjlpf7wh20l-graalvm17-ce-22.3.0/bin/.java-wrapped
55fb3dce1000-55fb3dce2000 r--p 00001000 00:1b4e 4611686019099417844      /nix/store/gpxl5qgg8kicmcvivwmybwjlpf7wh20l-graalvm17-ce-22.3.0/bin/.java-wrapped
55fb3dce2000-55fb3dce3000 rw-p 00002000 00:1b4e 4611686019099417844      /nix/store/gpxl5qgg8kicmcvivwmybwjlpf7wh20l-graalvm17-ce-22.3.0/bin/.java-wrapped
55fb3dce3000-55fb3dce4000 rw-p 00004000 00:1b4e 4611686019099417844      /nix/store/gpxl5qgg8kicmcvivwmybwjlpf7wh20l-graalvm17-ce-22.3.0/bin/.java-wrapped
55fb3dce4000-55fb3dce5000 rw-p 00005000 00:1b4e 4611686019099417844      /nix/store/gpxl5qgg8kicmcvivwmybwjlpf7wh20l-graalvm17-ce-22.3.0/bin/.java-wrapped
55fb3e033000-55fb3e07b000 rw-p 00000000 00:00 0                          [heap]
7fab88000000-7fab88023000 rw-p 00000000 00:00 0 
7fab88023000-7fab8c000000 ---p 00000000 00:00 0 
7fab8f000000-7fab8f300000 rw-p 00000000 00:00 0 
7fab8f300000-7fab8f3a0000 rw-p 00000000 00:00 0 
7fab8f3a0000-7fab8f800000 ---p 00000000 00:00 0 
7fab90000000-7fab9005a000 rw-p 00000000 00:00 0 
7fab9005a000-7fab94000000 ---p 00000000 00:00 0 
7fab94000000-7fab94048000 rw-p 00000000 00:00 0 
7fab94048000-7fab98000000 ---p 00000000 00:00 0 
7fab98000000-7fab98021000 rw-p 00000000 00:00 0 
7fab98021000-7fab9c000000 ---p 00000000 00:00 0 
7fab9c000000-7fab9c037000 rw-p 00000000 00:00 0 
7fab9c037000-7faba0000000 ---p 00000000 00:00 0 
7faba0000000-7faba0055000 rw-p 00000000 00:00 0 
7faba0055000-7faba4000000 ---p 00000000 00:00 0 
7faba4000000-7faba402c000 rw-p 00000000 00:00 0 
7faba402c000-7faba8000000 ---p 00000000 00:00 0 
7faba8000000-7faba8030000 rw-p 00000000 00:00 0 
7faba8030000-7fabac000000 ---p 00000000 00:00 0 
7fabac000000-7fabac06d000 rw-p 00000000 00:00 0 
7fabac06d000-7fabb0000000 ---p 00000000 00:00 0 
7fabb0000000-7fabb0021000 rw-p 00000000 00:00 0 
7fabb0021000-7fabb4000000 ---p 00000000 00:00 0 
7fabb4000000-7fabb406c000 rw-p 00000000 00:00 0 
7fabb406c000-7fabb8000000 ---p 00000000 00:00 0 
7fabb8000000-7fabb8021000 rw-p 00000000 00:00 0 
7fabb8021000-7fabbc000000 ---p 00000000 00:00 0 
7fabbc000000-7fabbc021000 rw-p 00000000 00:00 0 
7fabbc021000-7fabc0000000 ---p 00000000 00:00 0 
7fabc0000000-7fabc0021000 rw-p 00000000 00:00 0 
7fabc0021000-7fabc4000000 ---p 00000000 00:00 0 
7fabc4000000-7fabc4021000 rw-p 00000000 00:00 0 
7fabc4021000-7fabc8000000 ---p 00000000 00:00 0 
7fabc8000000-7fabc8021000 rw-p 00000000 00:00 0 
7fabc8021000-7fabcc000000 ---p 00000000 00:00 0 
7fabcd400000-7fabcdc00000 rw-p 00000000 00:00 0 
7fabd0c00000-7fabd10c0000 rw-p 00000000 00:00 0 
7fabd10c0000-7fabd1300000 rw-p 00000000 00:00 0 
7fabd1300000-7fabd1380000 rw-p 00000000 00:00 0 
7fabd1380000-7fabd1400000 ---p 00000000 00:00 0 
7fabd14b3000-7fabdb000000 r--s 00000000 00:1b4e 4611686019135192581      /nix/store/gpxl5qgg8kicmcvivwmybwjlpf7wh20l-graalvm17-ce-22.3.0/lib/modules
7fabdb000000-7fabdb180000 rw-p 00000000 00:00 0 
7fabdb180000-7fabdb200000 rw-p 00000000 00:00 0 
7fabdb200000-7fabdb500000 rw-p 00000000 00:00 0 
7fabdb500000-7fabdb600000 rw-p 00000000 00:00 0 
7fabdb600000-7fabdb800000 rw-p 00000000 00:00 0 
7fabdb800000-7fabdb900000 rw-p 00000000 00:00 0 
7fabdb900000-7fabdb980000 rw-p 00000000 00:00 0 
7fabdb980000-7fabdba00000 rw-p 00000000 00:00 0 
7fabdba00000-7fabdbb00000 rw-p 00000000 00:00 0 
7fabdbb00000-7fabdbc00000 rw-p 00000000 00:00 0 
7fabdbc00000-7fabdbd00000 rw-p 00000000 00:00 0 
7fabdbd00000-7fabdbe00000 rw-p 00000000 00:00 0 
7fabdbe00000-7fabdc000000 rw-p 00000000 00:00 0 
7fabdc000000-7fabdc4f7000 rw-p 00000000 00:00 0 
7fabdc4f7000-7fabe0000000 ---p 00000000 00:00 0 
7fabe0000000-7fabe00ff000 rw-p 00000000 00:00 0 
7fabe00ff000-7fabe4000000 ---p 00000000 00:00 0 
7fabe4000000-7fabe4021000 rw-p 00000000 00:00 0 
7fabe4021000-7fabe8000000 ---p 00000000 00:00 0 
7fabe8000000-7fabe81d0000 rw-p 00000000 00:00 0 
7fabe81d0000-7fabec000000 ---p 00000000 00:00 0 
7fabec000000-7fabec126000 rw-p 00000000 00:00 0 
7fabec126000-7fabf0000000 ---p 00000000 00:00 0 
7fabf0000000-7fabf0021000 rw-p 00000000 00:00 0 
7fabf0021000-7fabf4000000 ---p 00000000 00:00 0 
7fabf4000000-7fabf403c000 rw-p 00000000 00:00 0 
7fabf403c000-7fabf8000000 ---p 00000000 00:00 0 
7fabf8000000-7fabf805d000 rw-p 00000000 00:00 0 
7fabf805d000-7fabfc000000 ---p 00000000 00:00 0 
7fabfc000000-7fabfc021000 rw-p 00000000 00:00 0 
7fabfc021000-7fac00000000 ---p 00000000 00:00 0 
7fac00000000-7fac0035e000 rw-p 00000000 00:00 0 
7fac0035e000-7fac04000000 ---p 00000000 00:00 0 
7fac04000000-7fac04021000 rw-p 00000000 00:00 0 
7fac04021000-7fac08000000 ---p 00000000 00:00 0 
7fac08000000-7fac08038000 rw-p 00000000 00:00 0 
7fac08038000-7fac0c000000 ---p 00000000 00:00 0 
7fac0c000000-7fac0c91b000 rw-p 00000000 00:00 0 
7fac0c91b000-7fac10000000 ---p 00000000 00:00 0 
7fac10000000-7fac10026000 rw-p 00000000 00:00 0 
7fac10026000-7fac14000000 ---p 00000000 00:00 0 
7fac14000000-7fac14021000 rw-p 00000000 00:00 0 
7fac14021000-7fac18000000 ---p 00000000 00:00 0 
7fac18000000-7fac18021000 rw-p 00000000 00:00 0 
7fac18021000-7fac1c000000 ---p 00000000 00:00 0 
7fac1c000000-7fac1c021000 rw-p 00000000 00:00 0 
7fac1c021000-7fac20000000 ---p 00000000 00:00 0 
7fac20000000-7fac20100000 rw-p 00000000 00:00 0 
7fac20100000-7fac20200000 rw-p 00000000 00:00 0 
7fac20200000-7fac20780000 rw-p 00000000 00:00 0 
7fac20780000-7fac20800000 rw-p 00000000 00:00 0 
7fac20800000-7fac20900000 rw-p 00000000 00:00 0 
7fac20900000-7fac20a00000 rw-p 00000000 00:00 0 
7fac20a00000-7fac20d00000 rw-p 00000000 00:00 0 
7fac20d00000-7fac20e00000 rw-p 00000000 00:00 0 
7fac20e00000-7fac21000000 rw-p 00000000 00:00 0 
7fac21200000-7fac21210000 r-xp 00000000 00:1b4b 360                      /home/runner/.cache/jdt-language-server/config/org.eclipse.equinox.launcher/org.eclipse.equinox.launcher.gtk.linux.x86_64_1.2.400.v20211117-0650/eclipse_11600.so
7fac21210000-7fac2140f000 ---p 00010000 00:1b4b 360                      /home/runner/.cache/jdt-language-server/config/org.eclipse.equinox.launcher/org.eclipse.equinox.launcher.gtk.linux.x86_64_1.2.400.v20211117-0650/eclipse_11600.so
7fac2140f000-7fac21410000 r--p 0000f000 00:1b4b 360                      /home/runner/.cache/jdt-language-server/config/org.eclipse.equinox.launcher/org.eclipse.equinox.launcher.gtk.linux.x86_64_1.2.400.v20211117-0650/eclipse_11600.so
7fac21410000-7fac21411000 rw-p 00010000 00:1b4b 360                      /home/runner/.cache/jdt-language-server/config/org.eclipse.equinox.launcher/org.eclipse.equinox.launcher.gtk.linux.x86_64_1.2.400.v20211117-0650/eclipse_11600.so
7fac22400000-7fac22500000 ---p 00000000 00:00 0 
7fac22500000-7fac22aaf000 r--p 01122000 00:1b4e 4611686019135190040      /nix/store/gpxl5qgg8kicmcvivwmybwjlpf7wh20l-graalvm17-ce-22.3.0/lib/libjvmcicompiler.so
7fac22aaf000-7fac22c00000 r--p 00000000 00:00 0 
7fac22c00000-7fac22c3d000 rw-p 00000000 00:00 0 
7fac22c3d000-7fac2315d000 rw-p 0185f000 00:1b4e 4611686019135190040      /nix/store/gpxl5qgg8kicmcvivwmybwjlpf7wh20l-graalvm17-ce-22.3.0/lib/libjvmcicompiler.so
7fac2315d000-7fac23544000 r--p 01d7f000 00:1b4e 4611686019135190040      /nix/store/gpxl5qgg8kicmcvivwmybwjlpf7wh20l-graalvm17-ce-22.3.0/lib/libjvmcicompiler.so
7fac23600000-7fac23604000 ---p 00000000 00:00 0 
7fac23604000-7fac23700000 rw-p 00000000 00:00 0 
7fac23700000-7fac23704000 ---p 00000000 00:00 0 
7fac23704000-7fac23800000 rw-p 00000000 00:00 0 
7fac23900000-7fac23904000 ---p 00000000 00:00 0 
7fac23904000-7fac23a00000 rw-p 00000000 00:00 0 
7fac23b00000-7fac23b04000 ---p 00000000 00:00 0 
7fac23b04000-7fac23c00000 rw-p 00000000 00:00 0 
7fac23d00000-7fac23d04000 ---p 00000000 00:00 0 
7fac23d04000-7fac23e00000 rw-p 00000000 00:00 0 
7fac23f00000-7fac23f04000 ---p 00000000 00:00 0 
7fac23f04000-7fac24000000 rw-p 00000000 00:00 0 
7fac24100000-7fac24104000 ---p 00000000 00:00 0 
7fac24104000-7fac24200000 rw-p 00000000 00:00 0 
7fac24200000-7fac24204000 ---p 00000000 00:00 0 
7fac24204000-7fac24300000 rw-p 00000000 00:00 0 
7fac24300000-7fac24304000 ---p 00000000 00:00 0 
7fac24304000-7fac24400000 rw-p 00000000 00:00 0 
7fac24400000-7fac24404000 ---p 00000000 00:00 0 
7fac24404000-7fac24500000 rw-p 00000000 00:00 0 
7fac24500000-7fac24504000 ---p 00000000 00:00 0 
7fac24504000-7fac24600000 rw-p 00000000 00:00 0 
7fac24600000-7fac24604000 ---p 00000000 00:00 0 
7fac24604000-7fac24700000 rw-p 00000000 00:00 0 
7fac24700000-7fac24704000 ---p 00000000 00:00 0 
7fac24704000-7fac24800000 rw-p 00000000 00:00 0 
7fac24800000-7fac24804000 ---p 00000000 00:00 0 
7fac24804000-7fac24900000 rw-p 00000000 00:00 0 
7fac24900000-7fac24904000 ---p 00000000 00:00 0 
7fac24904000-7fac24a00000 rw-p 00000000 00:00 0 
7fac24b00000-7fac24b04000 ---p 00000000 00:00 0 
7fac24b04000-7fac24c00000 rw-p 00000000 00:00 0 
7fac24c00000-7fac24c04000 ---p 00000000 00:00 0 
7fac24c04000-7fac24d00000 rw-p 00000000 00:00 0 
7fac24d00000-7fac24d04000 ---p 00000000 00:00 0 
7fac24d04000-7fac24e00000 rw-p 00000000 00:00 0 
7fac24e00000-7fac24e04000 ---p 00000000 00:00 0 
7fac24e04000-7fac24f00000 rw-p 00000000 00:00 0 
7fac24f00000-7fac24f04000 ---p 00000000 00:00 0 
7fac24f04000-7fac25000000 rw-p 00000000 00:00 0 
7fac25000000-7fac25004000 ---p 00000000 00:00 0 
7fac25004000-7fac25100000 rw-p 00000000 00:00 0 
7fac25100000-7fac25104000 ---p 00000000 00:00 0 
7fac25104000-7fac25200000 rw-p 00000000 00:00 0 
7fac25200000-7fac25204000 ---p 00000000 00:00 0 
7fac25204000-7fac25300000 rw-p 00000000 00:00 0 
7fac25300000-7fac25304000 ---p 00000000 00:00 0 
7fac25304000-7fac25400000 rw-p 00000000 00:00 0 
7fac25500000-7fac25504000 ---p 00000000 00:00 0 
7fac25504000-7fac25600000 rw-p 00000000 00:00 0 
7fac25600000-7fac25604000 ---p 00000000 00:00 0 
7fac25604000-7fac25700000 rw-p 00000000 00:00 0 
7fac25700000-7fac25704000 ---p 00000000 00:00 0 
7fac25704000-7fac25800000 rw-p 00000000 00:00 0 
7fac25800000-7fac25804000 ---p 00000000 00:00 0 
7fac25804000-7fac25900000 rw-p 00000000 00:00 0 
7fac25900000-7fac25904000 ---p 00000000 00:00 0 
7fac25904000-7fac25a00000 rw-p 00000000 00:00 0 
7fac25a00000-7fac25a04000 ---p 00000000 00:00 0 
7fac25a04000-7fac25b00000 rw-p 00000000 00:00 0 
7fac25b00000-7fac25b04000 ---p 00000000 00:00 0 
7fac25b04000-7fac25c00000 rw-p 00000000 00:00 0 
7fac25c00000-7fac27d6a000 r-xp 00000000 00:1b4e 4611686019135190040      /nix/store/gpxl5qgg8kicmcvivwmybwjlpf7wh20l-graalvm17-ce-22.3.0/lib/libjvmcicompiler.so
7fac27d6a000-7fac27f69000 ---p 0216a000 00:1b4e 4611686019135190040      /nix/store/gpxl5qgg8kicmcvivwmybwjlpf7wh20l-graalvm17-ce-22.3.0/lib/libjvmcicompiler.so
7fac27f69000-7fac27f6a000 r--p 02169000 00:1b4e 4611686019135190040      /nix/store/gpxl5qgg8kicmcvivwmybwjlpf7wh20l-graalvm17-ce-22.3.0/lib/libjvmcicompiler.so
7fac27f6a000-7fac27f6c000 rw-p 0216a000 00:1b4e 4611686019135190040      /nix/store/gpxl5qgg8kicmcvivwmybwjlpf7wh20l-graalvm17-ce-22.3.0/lib/libjvmcicompiler.so
7fac27f6c000-7fac27f6d000 rw-p 00000000 00:00 0 
7fac27f6d000-7fac27f72000 rw-p 023c3000 00:1b4e 4611686019135190040      /nix/store/gpxl5qgg8kicmcvivwmybwjlpf7wh20l-graalvm17-ce-22.3.0/lib/libjvmcicompiler.so
7fac28000000-7fac28021000 rw-p 00000000 00:00 0 
7fac28021000-7fac2c000000 ---p 00000000 00:00 0 
7fac2c000000-7fac2c021000 rw-p 00000000 00:00 0 
7fac2c021000-7fac30000000 ---p 00000000 00:00 0 
7fac30000000-7fac30021000 rw-p 00000000 00:00 0 
7fac30021000-7fac34000000 ---p 00000000 00:00 0 
7fac34000000-7fac34021000 rw-p 00000000 00:00 0 
7fac34021000-7fac38000000 ---p 00000000 00:00 0 
7fac38000000-7fac380df000 rw-p 00000000 00:00 0 
7fac380df000-7fac3c000000 ---p 00000000 00:00 0 
7fac3c000000-7fac3cb66000 rw-p 00000000 00:00 0 
7fac3cb66000-7fac40000000 ---p 00000000 00:00 0 
7fac40000000-7fac40021000 rw-p 00000000 00:00 0 
7fac40021000-7fac44000000 ---p 00000000 00:00 0 
7fac44000000-7fac44021000 rw-p 00000000 00:00 0 
7fac44021000-7fac48000000 ---p 00000000 00:00 0 
7fac48000000-7fac48021000 rw-p 00000000 00:00 0 
7fac48021000-7fac4c000000 ---p 00000000 00:00 0 
7fac4c000000-7fac4c021000 rw-p 00000000 00:00 0 
7fac4c021000-7fac50000000 ---p 00000000 00:00 0 
7fac50000000-7fac50036000 rw-p 00000000 00:00 0 
7fac50036000-7fac54000000 ---p 00000000 00:00 0 
7fac54000000-7fac54021000 rw-p 00000000 00:00 0 
7fac54021000-7fac58000000 ---p 00000000 00:00 0 
7fac58000000-7fac581e8000 rw-p 00000000 00:00 0 
7fac581e8000-7fac5c000000 ---p 00000000 00:00 0 
7fac5c000000-7fac5c004000 ---p 00000000 00:00 0 
7fac5c004000-7fac5c100000 rw-p 00000000 00:00 0 
7fac5cd68000-7fac5d200000 rw-p 00000000 00:00 0 
7fac5d2f4000-7fac5d2f8000 ---p 00000000 00:00 0 
7fac5d2f8000-7fac5d316000 rw-p 00000000 00:00 0 
7fac5d316000-7fac5d317000 ---p 00000000 00:00 0 
7fac5d317000-7fac5d418000 rw-p 00000000 00:00 0 
7fac5d418000-7fac5d41c000 ---p 00000000 00:00 0 
7fac5d41c000-7fac5d518000 rw-p 00000000 00:00 0 
7fac5d518000-7fac5d51c000 ---p 00000000 00:00 0 
7fac5d51c000-7fac5d618000 rw-p 00000000 00:00 0 
7fac5d618000-7fac5d61c000 ---p 00000000 00:00 0 
7fac5d61c000-7fac5d718000 rw-p 00000000 00:00 0 
7fac5d718000-7fac5d71c000 ---p 00000000 00:00 0 
7fac5d71c000-7fac5d918000 rw-p 00000000 00:00 0 
7fac5d918000-7fac5d91c000 ---p 00000000 00:00 0 
7fac5d91c000-7fac5db18000 rw-p 00000000 00:00 0 
7fac5db18000-7fac5db1c000 ---p 00000000 00:00 0 
7fac5db1c000-7fac5dc18000 rw-p 00000000 00:00 0 
7fac5dc18000-7fac5dc1c000 ---p 00000000 00:00 0 
7fac5dc1c000-7fac5dd18000 rw-p 00000000 00:00 0 
7fac5dd18000-7fac5dd1c000 ---p 00000000 00:00 0 
7fac5dd1c000-7fac5de18000 rw-p 00000000 00:00 0 
7fac5de18000-7fac5e0fe000 r--p 00000000 00:1b3c 28444448                 /usr/lib/locale/locale-archive
7fac5e0fe000-7fac5e102000 ---p 00000000 00:00 0 
7fac5e102000-7fac5e1fe000 rw-p 00000000 00:00 0 
7fac5e1fe000-7fac5e202000 ---p 00000000 00:00 0 
7fac5e202000-7fac5e2fe000 rw-p 00000000 00:00 0 
7fac5e2fe000-7fac5e2ff000 ---p 00000000 00:00 0 
7fac5e2ff000-7fac5e800000 rw-p 00000000 00:00 0 
7fac5e800000-7fac5eb00000 rw-p 00000000 00:00 0 
7fac5eb00000-7fac5ec00000 rw-p 00000000 00:00 0 
7fac5ec1b000-7fac5ec22000 r-xp 00000000 00:1b4e 4611686019135192580      /nix/store/gpxl5qgg8kicmcvivwmybwjlpf7wh20l-graalvm17-ce-22.3.0/lib/libzip.so
7fac5ec22000-7fac5ec23000 ---p 00007000 00:1b4e 4611686019135192580      /nix/store/gpxl5qgg8kicmcvivwmybwjlpf7wh20l-graalvm17-ce-22.3.0/lib/libzip.so
7fac5ec23000-7fac5ec24000 r--p 00007000 00:1b4e 4611686019135192580      /nix/store/gpxl5qgg8kicmcvivwmybwjlpf7wh20l-graalvm17-ce-22.3.0/lib/libzip.so
7fac5ec24000-7fac5ec25000 rw-p 00008000 00:1b4e 4611686019135192580      /nix/store/gpxl5qgg8kicmcvivwmybwjlpf7wh20l-graalvm17-ce-22.3.0/lib/libzip.so
7fac5ec25000-7fac5ec27000 rw-p 0000b000 00:1b4e 4611686019135192580      /nix/store/gpxl5qgg8kicmcvivwmybwjlpf7wh20l-graalvm17-ce-22.3.0/lib/libzip.so
7fac5ec27000-7fac5ec3c000 r-xp 00000000 00:1b4e 4611686019135192570      /nix/store/gpxl5qgg8kicmcvivwmybwjlpf7wh20l-graalvm17-ce-22.3.0/lib/libnet.so
7fac5ec3c000-7fac5ec3d000 ---p 00015000 00:1b4e 4611686019135192570      /nix/store/gpxl5qgg8kicmcvivwmybwjlpf7wh20l-graalvm17-ce-22.3.0/lib/libnet.so
7fac5ec3d000-7fac5ec3e000 r--p 00015000 00:1b4e 4611686019135192570      /nix/store/gpxl5qgg8kicmcvivwmybwjlpf7wh20l-graalvm17-ce-22.3.0/lib/libnet.so
7fac5ec3e000-7fac5ec3f000 rw-p 00016000 00:1b4e 4611686019135192570      /nix/store/gpxl5qgg8kicmcvivwmybwjlpf7wh20l-graalvm17-ce-22.3.0/lib/libnet.so
7fac5ec3f000-7fac5ec42000 rw-p 0001b000 00:1b4e 4611686019135192570      /nix/store/gpxl5qgg8kicmcvivwmybwjlpf7wh20l-graalvm17-ce-22.3.0/lib/libnet.so
7fac5ec42000-7fac5ec55000 r-xp 00000000 00:1b4e 4611686019135192571      /nix/store/gpxl5qgg8kicmcvivwmybwjlpf7wh20l-graalvm17-ce-22.3.0/lib/libnio.so
7fac5ec55000-7fac5ec56000 r--p 00012000 00:1b4e 4611686019135192571      /nix/store/gpxl5qgg8kicmcvivwmybwjlpf7wh20l-graalvm17-ce-22.3.0/lib/libnio.so
7fac5ec56000-7fac5ec57000 rw-p 00013000 00:1b4e 4611686019135192571      /nix/store/gpxl5qgg8kicmcvivwmybwjlpf7wh20l-graalvm17-ce-22.3.0/lib/libnio.so
7fac5ec57000-7fac5ec5c000 rw-p 00019000 00:1b4e 4611686019135192571      /nix/store/gpxl5qgg8kicmcvivwmybwjlpf7wh20l-graalvm17-ce-22.3.0/lib/libnio.so
7fac5ec5c000-7fac5ed2a000 r-xp 00000000 00:1b4e 4611686019135190036      /nix/store/gpxl5qgg8kicmcvivwmybwjlpf7wh20l-graalvm17-ce-22.3.0/lib/libjsvml.so
7fac5ed2a000-7fac5ed2b000 r--p 000cd000 00:1b4e 4611686019135190036      /nix/store/gpxl5qgg8kicmcvivwmybwjlpf7wh20l-graalvm17-ce-22.3.0/lib/libjsvml.so
7fac5ed2b000-7fac5ed2c000 rw-p 000ce000 00:1b4e 4611686019135190036      /nix/store/gpxl5qgg8kicmcvivwmybwjlpf7wh20l-graalvm17-ce-22.3.0/lib/libjsvml.so
7fac5ed2c000-7fac5f4b3000 rw-p 00000000 00:00 0 
7fac5f4b3000-7fac5f723000 rwxp 00000000 00:00 0 
7fac5f723000-7fac5fa42000 ---p 00000000 00:00 0 
7fac5fa42000-7fac61032000 rwxp 00000000 00:00 0 
7fac61032000-7fac66f7a000 ---p 00000000 00:00 0 
7fac66f7a000-7fac6724a000 rwxp 00000000 00:00 0 
7fac6724a000-7fac6e4b3000 ---p 00000000 00:00 0 
7fac6e4b3000-7fac78000000 r--s 00000000 00:1b4e 4611686019135192581      /nix/store/gpxl5qgg8kicmcvivwmybwjlpf7wh20l-graalvm17-ce-22.3.0/lib/modules
7fac78000000-7fac7862a000 rw-p 00000000 00:00 0 
7fac7862a000-7fac7c000000 ---p 00000000 00:00 0 
7fac7c000000-7fac7c002000 r-xp 00000000 00:1b4e 4611686019135190017      /nix/store/gpxl5qgg8kicmcvivwmybwjlpf7wh20l-graalvm17-ce-22.3.0/lib/libextnet.so
7fac7c002000-7fac7c003000 r--p 00001000 00:1b4e 4611686019135190017      /nix/store/gpxl5qgg8kicmcvivwmybwjlpf7wh20l-graalvm17-ce-22.3.0/lib/libextnet.so
7fac7c003000-7fac7c004000 rw-p 00002000 00:1b4e 4611686019135190017      /nix/store/gpxl5qgg8kicmcvivwmybwjlpf7wh20l-graalvm17-ce-22.3.0/lib/libextnet.so
7fac7c004000-7fac7c005000 rw-p 00004000 00:1b4e 4611686019135190017      /nix/store/gpxl5qgg8kicmcvivwmybwjlpf7wh20l-graalvm17-ce-22.3.0/lib/libextnet.so
7fac7c005000-7fac7d156000 rw-p 00000000 00:00 0 
7fac7d156000-7fac7d157000 ---p 00000000 00:00 0 
7fac7d157000-7fac7d302000 rw-p 00000000 00:00 0 
7fac7d302000-7fac7d32b000 rw-p 00000000 00:00 0 
7fac7d32b000-7fac7d358000 ---p 00000000 00:00 0 
7fac7d358000-7fac7d35f000 rw-p 00000000 00:00 0 
7fac7d35f000-7fac7d444000 ---p 00000000 00:00 0 
7fac7d444000-7fac7d470000 rw-p 00000000 00:00 0 
7fac7d470000-7fac7d52f000 ---p 00000000 00:00 0 
7fac7d52f000-7fac7d534000 rw-p 00000000 00:00 0 
7fac7d534000-7fac7d53b000 ---p 00000000 00:00 0 
7fac7d53b000-7fac7d55f000 r-xp 00000000 00:1b4e 4611686019135190028      /nix/store/gpxl5qgg8kicmcvivwmybwjlpf7wh20l-graalvm17-ce-22.3.0/lib/libjava.so
7fac7d55f000-7fac7d560000 ---p 00024000 00:1b4e 4611686019135190028      /nix/store/gpxl5qgg8kicmcvivwmybwjlpf7wh20l-graalvm17-ce-22.3.0/lib/libjava.so
7fac7d560000-7fac7d561000 r--p 00024000 00:1b4e 4611686019135190028      /nix/store/gpxl5qgg8kicmcvivwmybwjlpf7wh20l-graalvm17-ce-22.3.0/lib/libjava.so
7fac7d561000-7fac7d562000 rw-p 00025000 00:1b4e 4611686019135190028      /nix/store/gpxl5qgg8kicmcvivwmybwjlpf7wh20l-graalvm17-ce-22.3.0/lib/libjava.so
7fac7d562000-7fac7d563000 rw-p 00000000 00:00 0 
7fac7d563000-7fac7d56a000 rw-p 0002f000 00:1b4e 4611686019135190028      /nix/store/gpxl5qgg8kicmcvivwmybwjlpf7wh20l-graalvm17-ce-22.3.0/lib/libjava.so
7fac7d56a000-7fac7d572000 rw-s 00000000 00:1b36 357                      /tmp/hsperfdata_runner/32
7fac7d572000-7fac7d573000 ---p 00000000 00:00 0 
7fac7d573000-7fac7d574000 r--p 00000000 00:00 0 
7fac7d574000-7fac7d575000 rwxp 00000000 00:00 0 
7fac7d575000-7fac7d590000 r-xp 00000000 00:1b4e 4611686019135190032      /nix/store/gpxl5qgg8kicmcvivwmybwjlpf7wh20l-graalvm17-ce-22.3.0/lib/libjimage.so
7fac7d590000-7fac7d591000 ---p 0001b000 00:1b4e 4611686019135190032      /nix/store/gpxl5qgg8kicmcvivwmybwjlpf7wh20l-graalvm17-ce-22.3.0/lib/libjimage.so
7fac7d591000-7fac7d593000 r--p 0001b000 00:1b4e 4611686019135190032      /nix/store/gpxl5qgg8kicmcvivwmybwjlpf7wh20l-graalvm17-ce-22.3.0/lib/libjimage.so
7fac7d593000-7fac7d594000 rw-p 0001d000 00:1b4e 4611686019135190032      /nix/store/gpxl5qgg8kicmcvivwmybwjlpf7wh20l-graalvm17-ce-22.3.0/lib/libjimage.so
7fac7d594000-7fac7d595000 rw-p 00024000 00:1b4e 4611686019135190032      /nix/store/gpxl5qgg8kicmcvivwmybwjlpf7wh20l-graalvm17-ce-22.3.0/lib/libjimage.so
7fac7d595000-7fac7d599000 ---p 00000000 00:00 0 
7fac7d599000-7fac7d695000 rw-p 00000000 00:00 0 
7fac7d695000-7fac7d6a3000 r--p 00000000 00:1b4e 4611686019027979927      /nix/store/4nlgxhb09sdr51nc9hdm8az5b08vzkgx-glibc-2.35-163/lib/libm.so.6
7fac7d6a3000-7fac7d716000 r-xp 0000e000 00:1b4e 4611686019027979927      /nix/store/4nlgxhb09sdr51nc9hdm8az5b08vzkgx-glibc-2.35-163/lib/libm.so.6
7fac7d716000-7fac7d773000 r--p 00081000 00:1b4e 4611686019027979927      /nix/store/4nlgxhb09sdr51nc9hdm8az5b08vzkgx-glibc-2.35-163/lib/libm.so.6
7fac7d773000-7fac7d774000 r--p 000dd000 00:1b4e 4611686019027979927      /nix/store/4nlgxhb09sdr51nc9hdm8az5b08vzkgx-glibc-2.35-163/lib/libm.so.6
7fac7d774000-7fac7d775000 rw-p 000de000 00:1b4e 4611686019027979927      /nix/store/4nlgxhb09sdr51nc9hdm8az5b08vzkgx-glibc-2.35-163/lib/libm.so.6
7fac7d775000-7fac7d776000 r--p 00000000 00:1b4e 4611686019027979946      /nix/store/4nlgxhb09sdr51nc9hdm8az5b08vzkgx-glibc-2.35-163/lib/librt.so.1
7fac7d776000-7fac7d777000 r-xp 00001000 00:1b4e 4611686019027979946      /nix/store/4nlgxhb09sdr51nc9hdm8az5b08vzkgx-glibc-2.35-163/lib/librt.so.1
7fac7d777000-7fac7d778000 r--p 00002000 00:1b4e 4611686019027979946      /nix/store/4nlgxhb09sdr51nc9hdm8az5b08vzkgx-glibc-2.35-163/lib/librt.so.1
7fac7d778000-7fac7d779000 r--p 00002000 00:1b4e 4611686019027979946      /nix/store/4nlgxhb09sdr51nc9hdm8az5b08vzkgx-glibc-2.35-163/lib/librt.so.1
7fac7d779000-7fac7d77a000 rw-p 00003000 00:1b4e 4611686019027979946      /nix/store/4nlgxhb09sdr51nc9hdm8az5b08vzkgx-glibc-2.35-163/lib/librt.so.1
7fac7d77a000-7fac7e88d000 r-xp 00000000 00:1b4e 4611686019135360866      /nix/store/gpxl5qgg8kicmcvivwmybwjlpf7wh20l-graalvm17-ce-22.3.0/lib/server/libjvm.so
7fac7e88d000-7fac7e88e000 ---p 01113000 00:1b4e 4611686019135360866      /nix/store/gpxl5qgg8kicmcvivwmybwjlpf7wh20l-graalvm17-ce-22.3.0/lib/server/libjvm.so
7fac7e88e000-7fac7e943000 r--p 01113000 00:1b4e 4611686019135360866      /nix/store/gpxl5qgg8kicmcvivwmybwjlpf7wh20l-graalvm17-ce-22.3.0/lib/server/libjvm.so
7fac7e943000-7fac7e977000 rw-p 011c8000 00:1b4e 4611686019135360866      /nix/store/gpxl5qgg8kicmcvivwmybwjlpf7wh20l-graalvm17-ce-22.3.0/lib/server/libjvm.so
7fac7e977000-7fac7e9d3000 rw-p 00000000 00:00 0 
7fac7e9d3000-7fac7e9fb000 r--p 00000000 00:1b4e 4611686019027979918      /nix/store/4nlgxhb09sdr51nc9hdm8az5b08vzkgx-glibc-2.35-163/lib/libc.so.6
7fac7e9fb000-7fac7eb71000 r-xp 00028000 00:1b4e 4611686019027979918      /nix/store/4nlgxhb09sdr51nc9hdm8az5b08vzkgx-glibc-2.35-163/lib/libc.so.6
7fac7eb71000-7fac7ebc9000 r--p 0019e000 00:1b4e 4611686019027979918      /nix/store/4nlgxhb09sdr51nc9hdm8az5b08vzkgx-glibc-2.35-163/lib/libc.so.6
7fac7ebc9000-7fac7ebcd000 r--p 001f6000 00:1b4e 4611686019027979918      /nix/store/4nlgxhb09sdr51nc9hdm8az5b08vzkgx-glibc-2.35-163/lib/libc.so.6
7fac7ebcd000-7fac7ebcf000 rw-p 001fa000 00:1b4e 4611686019027979918      /nix/store/4nlgxhb09sdr51nc9hdm8az5b08vzkgx-glibc-2.35-163/lib/libc.so.6
7fac7ebcf000-7fac7ebde000 rw-p 00000000 00:00 0 
7fac7ebde000-7fac7ebdf000 r--p 00000000 00:1b4e 4611686019027979923      /nix/store/4nlgxhb09sdr51nc9hdm8az5b08vzkgx-glibc-2.35-163/lib/libdl.so.2
7fac7ebdf000-7fac7ebe0000 r-xp 00001000 00:1b4e 4611686019027979923      /nix/store/4nlgxhb09sdr51nc9hdm8az5b08vzkgx-glibc-2.35-163/lib/libdl.so.2
7fac7ebe0000-7fac7ebe1000 r--p 00002000 00:1b4e 4611686019027979923      /nix/store/4nlgxhb09sdr51nc9hdm8az5b08vzkgx-glibc-2.35-163/lib/libdl.so.2
7fac7ebe1000-7fac7ebe2000 r--p 00002000 00:1b4e 4611686019027979923      /nix/store/4nlgxhb09sdr51nc9hdm8az5b08vzkgx-glibc-2.35-163/lib/libdl.so.2
7fac7ebe2000-7fac7ebe3000 rw-p 00003000 00:1b4e 4611686019027979923      /nix/store/4nlgxhb09sdr51nc9hdm8az5b08vzkgx-glibc-2.35-163/lib/libdl.so.2
7fac7ebe3000-7fac7ebe4000 r--p 00000000 00:1b4e 4611686019027979942      /nix/store/4nlgxhb09sdr51nc9hdm8az5b08vzkgx-glibc-2.35-163/lib/libpthread.so.0
7fac7ebe4000-7fac7ebe5000 r-xp 00001000 00:1b4e 4611686019027979942      /nix/store/4nlgxhb09sdr51nc9hdm8az5b08vzkgx-glibc-2.35-163/lib/libpthread.so.0
7fac7ebe5000-7fac7ebe6000 r--p 00002000 00:1b4e 4611686019027979942      /nix/store/4nlgxhb09sdr51nc9hdm8az5b08vzkgx-glibc-2.35-163/lib/libpthread.so.0
7fac7ebe6000-7fac7ebe7000 r--p 00002000 00:1b4e 4611686019027979942      /nix/store/4nlgxhb09sdr51nc9hdm8az5b08vzkgx-glibc-2.35-163/lib/libpthread.so.0
7fac7ebe7000-7fac7ebe8000 rw-p 00003000 00:1b4e 4611686019027979942      /nix/store/4nlgxhb09sdr51nc9hdm8az5b08vzkgx-glibc-2.35-163/lib/libpthread.so.0
7fac7ebe8000-7fac7ebf6000 r-xp 00000000 00:1b4e 4611686019135190033      /nix/store/gpxl5qgg8kicmcvivwmybwjlpf7wh20l-graalvm17-ce-22.3.0/lib/libjli.so
7fac7ebf6000-7fac7ebf7000 ---p 0000e000 00:1b4e 4611686019135190033      /nix/store/gpxl5qgg8kicmcvivwmybwjlpf7wh20l-graalvm17-ce-22.3.0/lib/libjli.so
7fac7ebf7000-7fac7ebf8000 r--p 0000e000 00:1b4e 4611686019135190033      /nix/store/gpxl5qgg8kicmcvivwmybwjlpf7wh20l-graalvm17-ce-22.3.0/lib/libjli.so
7fac7ebf8000-7fac7ebf9000 rw-p 0000f000 00:1b4e 4611686019135190033      /nix/store/gpxl5qgg8kicmcvivwmybwjlpf7wh20l-graalvm17-ce-22.3.0/lib/libjli.so
7fac7ebf9000-7fac7ebfa000 rw-p 00012000 00:1b4e 4611686019135190033      /nix/store/gpxl5qgg8kicmcvivwmybwjlpf7wh20l-graalvm17-ce-22.3.0/lib/libjli.so
7fac7ebfa000-7fac7ebfd000 r--p 00000000 00:1b4e 4611686019106210071      /nix/store/026hln0aq1hyshaxsdvhg0kmcm6yf45r-zlib-1.2.13/lib/libz.so.1.2.13
7fac7ebfd000-7fac7ec0f000 r-xp 00003000 00:1b4e 4611686019106210071      /nix/store/026hln0aq1hyshaxsdvhg0kmcm6yf45r-zlib-1.2.13/lib/libz.so.1.2.13
7fac7ec0f000-7fac7ec16000 r--p 00015000 00:1b4e 4611686019106210071      /nix/store/026hln0aq1hyshaxsdvhg0kmcm6yf45r-zlib-1.2.13/lib/libz.so.1.2.13
7fac7ec16000-7fac7ec17000 r--p 0001b000 00:1b4e 4611686019106210071      /nix/store/026hln0aq1hyshaxsdvhg0kmcm6yf45r-zlib-1.2.13/lib/libz.so.1.2.13
7fac7ec17000-7fac7ec18000 rw-p 0001c000 00:1b4e 4611686019106210071      /nix/store/026hln0aq1hyshaxsdvhg0kmcm6yf45r-zlib-1.2.13/lib/libz.so.1.2.13
7fac7ec18000-7fac7ec1a000 rw-p 00000000 00:00 0 
7fac7ec1a000-7fac7ec1c000 r--p 00000000 00:1b4e 4611686019027979912      /nix/store/4nlgxhb09sdr51nc9hdm8az5b08vzkgx-glibc-2.35-163/lib/ld-linux-x86-64.so.2
7fac7ec1c000-7fac7ec43000 r-xp 00002000 00:1b4e 4611686019027979912      /nix/store/4nlgxhb09sdr51nc9hdm8az5b08vzkgx-glibc-2.35-163/lib/ld-linux-x86-64.so.2
7fac7ec43000-7fac7ec4f000 r--p 00029000 00:1b4e 4611686019027979912      /nix/store/4nlgxhb09sdr51nc9hdm8az5b08vzkgx-glibc-2.35-163/lib/ld-linux-x86-64.so.2
7fac7ec4f000-7fac7ec51000 r--p 00034000 00:1b4e 4611686019027979912      /nix/store/4nlgxhb09sdr51nc9hdm8az5b08vzkgx-glibc-2.35-163/lib/ld-linux-x86-64.so.2
7fac7ec51000-7fac7ec53000 rw-p 00036000 00:1b4e 4611686019027979912      /nix/store/4nlgxhb09sdr51nc9hdm8az5b08vzkgx-glibc-2.35-163/lib/ld-linux-x86-64.so.2
7ffd93f83000-7ffd93fa7000 rw-p 00000000 00:00 0                          [stack]
7ffd93fba000-7ffd93fbe000 r--p 00000000 00:00 0                          [vvar]
7ffd93fbe000-7ffd93fc0000 r-xp 00000000 00:00 0                          [vdso]
ffffffffff600000-ffffffffff601000 --xp 00000000 00:00 0                  [vsyscall]


VM Arguments:
jvm_args: -XX:ThreadPriorityPolicy=1 -XX:+UnlockExperimentalVMOptions -XX:+EnableJVMCIProduct -XX:JVMCIThreadsPerNativeLibraryRuntime=1 -XX:-UnlockExperimentalVMOptions -Declipse.application=org.eclipse.jdt.ls.core.id1 -Dosgi.bundles.defaultStartLevel=4 -Declipse.product=org.eclipse.jdt.ls.core.product -Dlog.level=ALL -Xverify:none -XX:+UseParallelGC -XX:GCTimeRatio=4 -XX:AdaptiveSizePolicyWeight=90 -Dsun.zip.disableMemoryMapping=true -Xmx512m -Xms100m 
java_command: /nix/store/m6gcpi1ii6rghy04cjwjddcavv7i90df-jdt-language-server-1.9.0/share/java/plugins/org.eclipse.equinox.launcher_1.6.400.v20210924-0641.jar --add-modules=ALL-SYSTEM --add-opens java.base/java.util=ALL-UNNAMED --add-opens java.base/java.lang=ALL-UNNAMED -configuration /home/runner/.cache/jdt-language-server/config -data /home/runner/.cache/jdt-language-server/data/home/runner/Automaton-Implementation
java_class_path (initial): /nix/store/m6gcpi1ii6rghy04cjwjddcavv7i90df-jdt-language-server-1.9.0/share/java/plugins/org.eclipse.equinox.launcher_1.6.400.v20210924-0641.jar
Launcher Type: SUN_STANDARD

[Global flags]
    uintx AdaptiveSizePolicyWeight                 = 90                                        {product} {command line}
     intx CICompilerCount                          = 2                                         {product} {ergonomic}
     bool EnableJVMCIProduct                       = true                                {JVMCI product} {jimage}
    uintx GCTimeRatio                              = 4                                         {product} {command line}
   size_t InitialHeapSize                          = 104857600                                 {product} {command line}
     uint JVMCIThreadsPerNativeLibraryRuntime      = 1                                   {JVMCI product} {jimage}
   size_t MaxHeapSize                              = 536870912                                 {product} {command line}
   size_t MaxNewSize                               = 178782208                                 {product} {ergonomic}
   size_t MinHeapDeltaBytes                        = 524288                                    {product} {ergonomic}
   size_t MinHeapSize                              = 104857600                                 {product} {command line}
   size_t NewSize                                  = 34603008                                  {product} {ergonomic}
    uintx NonNMethodCodeHeapSize                   = 5826188                                {pd product} {ergonomic}
    uintx NonProfiledCodeHeapSize                  = 122916026                              {pd product} {ergonomic}
   size_t OldSize                                  = 70254592                                  {product} {ergonomic}
    uintx ProfiledCodeHeapSize                     = 122916026                              {pd product} {ergonomic}
    uintx ReservedCodeCacheSize                    = 251658240                              {pd product} {ergonomic}
     bool SegmentedCodeCache                       = true                                      {product} {ergonomic}
   size_t SoftMaxHeapSize                          = 536870912                              {manageable} {ergonomic}
     intx ThreadPriorityPolicy                     = 1                                         {product} {jimage}
     bool UseCompressedClassPointers               = true                           {product lp64_product} {ergonomic}
     bool UseCompressedOops                        = true                           {product lp64_product} {ergonomic}
     bool UseParallelGC                            = true                                      {product} {command line}

Logging:
Log output configuration:
 #0: stdout all=warning uptime,level,tags
 #1: stderr all=off uptime,level,tags

Environment Variables:
JAVA_HOME=/nix/store/gpxl5qgg8kicmcvivwmybwjlpf7wh20l-graalvm17-ce-22.3.0
PATH=/nix/store/1d6ian3r8kdzspw8hacjhl3xkp40g1lj-binutils-wrapper-2.39/bin:/nix/store/dq0xwmsk1g0i2ayg6pb7y87na2knzylh-gcc-wrapper-11.3.0/bin:/nix/store/bap4d0lpcrhpwmpb8ayjcgkmvfj62lnq-bash-interactive-5.1-p16/bin:/nix/store/pr5n59mb4jzmfx6kanwxly0l07p861fg-patchelf-0.15.0/bin:/nix/store/1gf2flfqnpqbr1b4p4qz2f72y42bs56r-gcc-11.3.0/bin:/nix/store/57xv61c5zi8pphjbcwxxjlgc34p61ic9-glibc-2.35-163-bin/bin:/nix/store/a7gvj343m05j2s32xcnwr35v31ynlypr-coreutils-9.1/bin:/nix/store/039g378vc3pc3dvi9dzdlrd0i4q93qwf-binutils-2.39/bin:/nix/store/gpxl5qgg8kicmcvivwmybwjlpf7wh20l-graalvm17-ce-22.3.0/bin:/nix/store/6z9ag3ihc8mq2hzsw48lhbznvzny65nz-apache-maven-3.8.6/bin:/nix/store/m6gcpi1ii6rghy04cjwjddcavv7i90df-jdt-language-server-1.9.0/bin:/nix/store/84xs5alhs01zrbr4ywm05kxbjbp5590l-java-debug/bin:/nix/store/mydc6f4k2z73xlcz7ilif3v2lcaiqvza-findutils-4.9.0/bin:/nix/store/j9p3g8472iijd50vhdprx0nmk2fqn5gv-diffutils-3.8/bin:/nix/store/89zs7rms6x00xfq4dq6m7mjnhkr8a6r4-gnused-4.8/bin:/nix/store/86bp03jkmsl6f92w0yzg4s59g5mhxwmy-gnugrep-3.7/bin:/nix/store/hwcdqw4jrjnd37wxqgsd47hd0j8bnj09-gawk-5.1.1/bin:/nix/store/cfbhw8r8ags41vwqaz47r583d0p4h4a1-gnutar-1.34/bin:/nix/store/p3m1ndl1lapwrlh698bnb5lvvxh67378-gzip-1.12/bin:/nix/store/a8mhcagrsly7c7mpjrpsnaahk4aax056-bzip2-1.0.8-bin/bin:/nix/store/mblgz65m3zv9x548a3d5m96fj2pbwr09-gnumake-4.3/bin:/nix/store/dsd5gz46hdbdk2rfdimqddhq6m8m8fqs-bash-5.1-p16/bin:/nix/store/v7ljksji50mg3w61dykaa3n3y79n6nil-patch-2.7.6/bin:/nix/store/zlcnmqq14jz5x9439jf937mvayyl63da-xz-5.2.7-bin/bin:/nix/store/y6aj732zm9m87c82fpvf103a1xb22blp-file-5.43/bin:/nix/store/i4kzir3m7mrisxmf5xvlnkw01x4qaqr4-prybar-elisp-0.0.0-e0d9a52/bin:/nix/store/lwwivxf6h7x3cvxp9zv8sj0mv7dak99r-prybar-lua-0.0.0-e0d9a52/bin:/nix/store/gxj28g1cg4hq3qanmjv07156h800qr58-prybar-python3-0.0.0-e0d9a52/bin:/nix/store/hshkjnxrgidigf8x75vg6lqng2xlx9i3-prybar-sqlite-0.0.0-e0d9a52/bin:/nix/store/c4w01bpjgyy5ixmwdk8m1pw87zq4sl26-prybar-tcl-0.0.0-e0d9a52/bin:/nix/store/hpbvrlwd5viqmvcaisb3x0118i913a9n-st
LD_LIBRARY_PATH=/nix/store/a4pff549sk2idnkpzk5nsfps3mdkdnvm-cups-2.4.2-lib/lib:/nix/store/72mqxxhh3cy5yifh92wh2yb8cl2hikyy-cairo-1.16.0/lib:/nix/store/2k366jrbsra97gjfxwvrhvixjfxdach5-glib-2.74.1/lib:/nix/store/2j2znigd8ak37rlwh9khz0ry3clqlw1l-gtk+3-3.24.34/lib:/nix/store/hisqvx32cd57apbpcsnkpx6k3549wql1-libglvnd-1.4.0/lib:/nix/store/p36pgcv991mq5srvg765b78yqpxvk3qs-mesa-21.3.3-drivers/lib:/nix/store/mav4251if1ahjq5vkpwycyyvnmy459c4-pulseaudio-14.2/lib
DISPLAY=:0
LANG=en_US.UTF-8

Signal Handlers:
   SIGSEGV: crash_handler in libjvm.so, mask=11100100010111111101111111111110, flags=SA_RESTART|SA_SIGINFO
    SIGBUS: crash_handler in libjvm.so, mask=11100100010111111101111111111110, flags=SA_RESTART|SA_SIGINFO
    SIGFPE: crash_handler in libjvm.so, mask=11100100010111111101111111111110, flags=SA_RESTART|SA_SIGINFO
   SIGPIPE: IsolateEnterStub_IgnoreSIGPIPEStartupHook_noopSignalHandler_8f19bff2f35b5f630d83b364d6b2339320d4ec70_216e8361c6bc87a8f89f58cc10d3b2fd4415bf87 in libjvmcicompiler.so, mask=00000000000000000000000000000000, flags=SA_RESTART
  *** Handler was modified!
  *** Expected: javaSignalHandler in libjvm.so, mask=11100100110111111111111111111110, flags=SA_RESTART|SA_SIGINFO
   SIGXFSZ: javaSignalHandler in libjvm.so, mask=11100100010111111101111111111110, flags=SA_RESTART|SA_SIGINFO
    SIGILL: crash_handler in libjvm.so, mask=11100100010111111101111111111110, flags=SA_RESTART|SA_SIGINFO
   SIGUSR2: SR_handler in libjvm.so, mask=00000000000000000000000000000000, flags=SA_RESTART|SA_SIGINFO
    SIGHUP: UserHandler in libjvm.so, mask=11100100010111111101111111111110, flags=SA_RESTART|SA_SIGINFO
    SIGINT: UserHandler in libjvm.so, mask=11100100010111111101111111111110, flags=SA_RESTART|SA_SIGINFO
   SIGTERM: UserHandler in libjvm.so, mask=11100100010111111101111111111110, flags=SA_RESTART|SA_SIGINFO
   SIGQUIT: UserHandler in libjvm.so, mask=11100100010111111101111111111110, flags=SA_RESTART|SA_SIGINFO
  *** Handler was modified!
  *** Expected: javaSignalHandler in libjvm.so, mask=11100100110111111111111111111110, flags=SA_RESTART|SA_SIGINFO
   SIGTRAP: crash_handler in libjvm.so, mask=11100100010111111101111111111110, flags=SA_RESTART|SA_SIGINFO


---------------  S Y S T E M  ---------------

OS:
DISTRIB_ID=Ubuntu
DISTRIB_RELEASE=20.04
DISTRIB_CODENAME=focal
DISTRIB_DESCRIPTION="Ubuntu 20.04.2 LTS"
uname: Linux 5.19.0-1027-gcp #29~22.04.1-Ubuntu SMP Thu Jun 22 05:13:17 UTC 2023 x86_64
OS uptime: 0 days 3:30 hours
libc: glibc 2.35 NPTL 2.35 
rlimit (soft/hard): STACK 8192k/infinity , CORE infinity/infinity , NPROC infinity/infinity , NOFILE 5242/5242 , AS infinity/infinity , CPU infinity/infinity , DATA infinity/infinity , FSIZE infinity/infinity , MEMLOCK 8192k/8192k
load average: 10.27 11.74 14.24

/proc/meminfo:
MemTotal:       65839956 kB
MemFree:         7353044 kB
MemAvailable:   38120492 kB
Buffers:         2474388 kB
Cached:         26745060 kB
SwapCached:            0 kB
Active:         11339964 kB
Inactive:       42968188 kB
Active(anon):      19620 kB
Inactive(anon): 24475852 kB
Active(file):   11320344 kB
Inactive(file): 18492336 kB
Unevictable:       55820 kB
Mlocked:           55820 kB
SwapTotal:             0 kB
SwapFree:              0 kB
Zswap:                 0 kB
Zswapped:              0 kB
Dirty:              6424 kB
Writeback:           516 kB
AnonPages:      24152948 kB
Mapped:          2104908 kB
Shmem:             29764 kB
KReclaimable:    1681256 kB
Slab:            2867080 kB
SReclaimable:    1681256 kB
SUnreclaim:      1185824 kB
KernelStack:      519304 kB
PageTables:       288740 kB
NFS_Unstable:          0 kB
Bounce:                0 kB
WritebackTmp:          0 kB
CommitLimit:    32919976 kB
Committed_AS:   92841728 kB
VmallocTotal:   34359738367 kB
VmallocUsed:      563384 kB
VmallocChunk:          0 kB
Percpu:            60800 kB
HardwareCorrupted:     0 kB
AnonHugePages:   3332096 kB
ShmemHugePages:        0 kB
ShmemPmdMapped:        0 kB
FileHugePages:         0 kB
FilePmdMapped:         0 kB
HugePages_Total:       0
HugePages_Free:        0
HugePages_Rsvd:        0
HugePages_Surp:        0
Hugepagesize:       2048 kB
Hugetlb:               0 kB
DirectMap4k:     4956984 kB
DirectMap2M:    57954304 kB
DirectMap1G:     6291456 kB

/sys/kernel/mm/transparent_hugepage/enabled: always [madvise] never
/sys/kernel/mm/transparent_hugepage/defrag (defrag/compaction efforts parameter): always defer defer+madvise [madvise] never

Process Memory:
Virtual Size: 5462104K (peak: 5553980K)
Resident Set Size: 793732K (peak: 834724K) (anon: 596572K, file: 197160K, shmem: 0K)
Swapped out: 0K
C-Heap outstanding allocations: 45379K, retained: 17724K
glibc malloc tunables: (default)

/proc/sys/kernel/threads-max (system-wide limit on the number of threads): 514310
/proc/sys/vm/max_map_count (maximum number of memory map areas a process may have): 65530
/proc/sys/kernel/pid_max (system-wide limit on number of process identifiers): 4194304

container (cgroup) information:
container_type: cgroupv1
cpu_cpuset_cpus: 2-7
cpu_memory_nodes: 0
active_processor_count: 1
cpu_quota: 50000
cpu_period: 100000
cpu_shares: 512
memory_limit_in_bytes: 1048576 k
memory_and_swap_limit_in_bytes: 1048576 k
memory_soft_limit_in_bytes: 524288 k
memory_usage_in_bytes: 658412 k
memory_max_usage_in_bytes: 764560 k
maximum number of tasks: 1000
current number of tasks: 48

KVM virtualization detected
Steal ticks since vm start: 0
Steal ticks percentage since vm start:  0.000

CPU: total 8 (initial active 1) (8 cores per cpu, 2 threads per core) family 23 model 49 stepping 0 microcode 0xffffffff, cx8, cmov, fxsr, ht, mmx, 3dnowpref, sse, sse2, sse3, ssse3, sse4a, sse4.1, sse4.2, popcnt, lzcnt, tsc, tscinvbit, avx, avx2, aes, clmul, bmi1, bmi2, adx, sha, fma, vzeroupper, clflush, clflushopt, hv
CPU Model and flags from /proc/cpuinfo:
model name	: AMD EPYC 7B12
flags		: fpu vme de pse tsc msr pae mce cx8 apic sep mtrr pge mca cmov pat pse36 clflush mmx fxsr sse sse2 ht syscall nx mmxext fxsr_opt pdpe1gb rdtscp lm constant_tsc rep_good nopl nonstop_tsc cpuid extd_apicid tsc_known_freq pni pclmulqdq ssse3 fma cx16 sse4_1 sse4_2 movbe popcnt aes xsave avx f16c rdrand hypervisor lahf_lm cmp_legacy cr8_legacy abm sse4a misalignsse 3dnowprefetch osvw topoext ssbd ibrs ibpb stibp vmmcall fsgsbase tsc_adjust bmi1 avx2 smep bmi2 rdseed adx smap clflushopt clwb sha_ni xsaveopt xsavec xgetbv1 clzero xsaveerptr arat npt nrip_save umip rdpid

Online cpus: 0-7
Offline cpus: 
BIOS frequency limitation: <Not Available>
Frequency switch latency (ns): <Not Available>
Available cpu frequencies: <Not Available>
Current governor: <Not Available>
Core performance/turbo boost: <Not Available>

Memory: 4k page, physical 1048576k(390156k free), swap 0k(0k free)
Page Sizes: 4k

vm_info: OpenJDK 64-Bit Server VM (17.0.5+8-jvmci-22.3-b08) for linux-amd64 JRE (17.0.5+8-jvmci-22.3-b08), built on Oct 19 2022 09:01:27 by "buildslave" with gcc 10.3.0

END.
